20:23:53,757 (main) INFO  [DataNucleus.Enhancer] - DataNucleus Enhancer for API "JPA"
20:23:53,804 (main) INFO  [DataNucleus.Enhancer] - DataNucleus Enhancer (version 3.1.1) : Enhancement of classes
20:23:53,835 (main) WARN  [DataNucleus.MetaData] - Metadata file -enhancerName not found in CLASSPATH
20:23:53,835 (main) WARN  [DataNucleus.MetaData] - Metadata file ASM not found in CLASSPATH
20:23:53,945 (main) INFO  [DataNucleus.Enhancer] - Class "com.degloba.domain.AbstractEntity" is already enhanced.
20:23:53,945 (main) INFO  [DataNucleus.Enhancer] - Class "com.degloba.domain.BaseAggregateRoot" is already enhanced.
20:23:53,960 (main) INFO  [DataNucleus.Enhancer] - Class "com.degloba.domain.BaseEntity" is already enhanced.
20:23:53,960 (main) INFO  [DataNucleus.Enhancer] - Class "com.degloba.domain.canonicalmodel.publishedlanguage.AggregateId" is already enhanced.
20:23:53,960 (main) INFO  [DataNucleus.Enhancer] - Class "com.degloba.domain.canonicalmodel.publishedlanguage.ClientData" is already enhanced.
20:23:53,960 (main) INFO  [DataNucleus.Enhancer] - Class "com.degloba.domain.event.StoredEvent" is already enhanced.
20:23:53,960 (main) INFO  [DataNucleus.Enhancer] - Class "com.degloba.domain.LegacyEntity" is already enhanced.
20:23:53,960 (main) INFO  [DataNucleus.Enhancer] - Class "com.degloba.domain.sharedkernel.Money" is already enhanced.
20:23:53,960 (main) INFO  [DataNucleus.Enhancer] - Class "com.degloba.domain.sharedkernel.Probability" is already enhanced.
20:23:53,960 (main) INFO  [DataNucleus.Enhancer] - Class "com.degloba.domain.Value" is already enhanced.
20:23:53,960 (main) INFO  [DataNucleus.Enhancer] - DataNucleus Enhancer completed with success for 10 classes. Timings : input=141 ms, enhance=15 ms, total=156 ms. Consult the log for full details
20:23:54,039 (main) INFO  [DataNucleus.Enhancer] - DataNucleus Enhancer for API "JPA"
20:23:54,070 (main) INFO  [DataNucleus.Enhancer] - DataNucleus Enhancer (version 3.1.1) : Enhancement of classes
20:23:54,101 (main) WARN  [DataNucleus.MetaData] - Metadata file -enhancerName not found in CLASSPATH
20:23:54,101 (main) WARN  [DataNucleus.MetaData] - Metadata file ASM not found in CLASSPATH
20:23:54,195 (main) INFO  [DataNucleus.Enhancer] - Class "com.degloba.domain.AbstractEntity" is already enhanced.
20:23:54,195 (main) INFO  [DataNucleus.Enhancer] - Class "com.degloba.domain.BaseAggregateRoot" is already enhanced.
20:23:54,195 (main) INFO  [DataNucleus.Enhancer] - Class "com.degloba.domain.BaseEntity" is already enhanced.
20:23:54,195 (main) INFO  [DataNucleus.Enhancer] - Class "com.degloba.domain.canonicalmodel.publishedlanguage.AggregateId" is already enhanced.
20:23:54,195 (main) INFO  [DataNucleus.Enhancer] - Class "com.degloba.domain.canonicalmodel.publishedlanguage.ClientData" is already enhanced.
20:23:54,195 (main) INFO  [DataNucleus.Enhancer] - Class "com.degloba.domain.event.StoredEvent" is already enhanced.
20:23:54,195 (main) INFO  [DataNucleus.Enhancer] - Class "com.degloba.domain.LegacyEntity" is already enhanced.
20:23:54,195 (main) INFO  [DataNucleus.Enhancer] - Class "com.degloba.domain.sharedkernel.Money" is already enhanced.
20:23:54,195 (main) INFO  [DataNucleus.Enhancer] - Class "com.degloba.domain.sharedkernel.Probability" is already enhanced.
20:23:54,195 (main) INFO  [DataNucleus.Enhancer] - Class "com.degloba.domain.Value" is already enhanced.
20:23:54,195 (main) INFO  [DataNucleus.Enhancer] - DataNucleus Enhancer completed with success for 10 classes. Timings : input=109 ms, enhance=16 ms, total=125 ms. Consult the log for full details
20:23:55,987 (main) INFO  [DataNucleus.Enhancer] - DataNucleus Enhancer for API "JPA"
20:23:56,018 (main) INFO  [DataNucleus.Enhancer] - DataNucleus Enhancer (version 3.1.1) : Enhancement of classes
20:23:56,049 (main) WARN  [DataNucleus.MetaData] - Metadata file -enhancerName not found in CLASSPATH
20:23:56,049 (main) WARN  [DataNucleus.MetaData] - Metadata file ASM not found in CLASSPATH
20:23:56,393 (main) INFO  [DataNucleus.Enhancer] - Class "com.degloba.persistence.test.domain.Dictionary" is already enhanced.
20:23:56,393 (main) INFO  [DataNucleus.Enhancer] - Class "com.degloba.persistence.test.domain.DictionaryCategory" is already enhanced.
20:23:56,393 (main) INFO  [DataNucleus.Enhancer] - Class "com.degloba.persistence.test.domain.jpa.AbstractBaseClassesJPA$Base1" is already enhanced.
20:23:56,393 (main) INFO  [DataNucleus.Enhancer] - Class "com.degloba.persistence.test.domain.jpa.AbstractBaseClassesJPA$Base2" is already enhanced.
20:23:56,393 (main) INFO  [DataNucleus.Enhancer] - Class "com.degloba.persistence.test.domain.jpa.AbstractBaseClassesJPA$Concrete1" is already enhanced.
20:23:56,393 (main) INFO  [DataNucleus.Enhancer] - Class "com.degloba.persistence.test.domain.jpa.AbstractBaseClassesJPA$Concrete2" is already enhanced.
20:23:56,393 (main) INFO  [DataNucleus.Enhancer] - Class "com.degloba.persistence.test.domain.jpa.AbstractBaseClassesJPA$Concrete3" is already enhanced.
20:23:56,393 (main) INFO  [DataNucleus.Enhancer] - Class "com.degloba.persistence.test.domain.jpa.AbstractBaseClassesJPA$Concrete4" is already enhanced.
20:23:56,393 (main) INFO  [DataNucleus.Enhancer] - Class "com.degloba.persistence.test.domain.jpa.BaseVersion" is already enhanced.
20:23:56,393 (main) INFO  [DataNucleus.Enhancer] - Class "com.degloba.persistence.test.domain.jpa.BaseVersionSubclass" is already enhanced.
20:23:56,393 (main) INFO  [DataNucleus.Enhancer] - Class "com.degloba.persistence.test.domain.jpa.BidirectionalChildListJPA" is already enhanced.
20:23:56,393 (main) INFO  [DataNucleus.Enhancer] - Class "com.degloba.persistence.test.domain.jpa.BidirectionalChildLongPkListJPA" is already enhanced.
20:23:56,393 (main) INFO  [DataNucleus.Enhancer] - Class "com.degloba.persistence.test.domain.jpa.BidirectionalChildLongPkSetJPA" is already enhanced.
20:23:56,393 (main) INFO  [DataNucleus.Enhancer] - Class "com.degloba.persistence.test.domain.jpa.BidirectionalChildSetJPA" is already enhanced.
20:23:56,393 (main) INFO  [DataNucleus.Enhancer] - Class "com.degloba.persistence.test.domain.jpa.BidirectionalChildStringPkListJPA" is already enhanced.
20:23:56,393 (main) INFO  [DataNucleus.Enhancer] - Class "com.degloba.persistence.test.domain.jpa.BidirectionalChildUnencodedStringPkListJPA" is already enhanced.
20:23:56,393 (main) INFO  [DataNucleus.Enhancer] - Class "com.degloba.persistence.test.domain.jpa.BidirectionalChildUnencodedStringPkSetJPA" is already enhanced.
20:23:56,393 (main) INFO  [DataNucleus.Enhancer] - Class "com.degloba.persistence.test.domain.jpa.BidirectionalGrandchildListJPA" is already enhanced.
20:23:56,393 (main) INFO  [DataNucleus.Enhancer] - Class "com.degloba.persistence.test.domain.jpa.BidirectionalOneToManySubclassesJPA$Example1$A" is already enhanced.
20:23:56,393 (main) INFO  [DataNucleus.Enhancer] - Class "com.degloba.persistence.test.domain.jpa.BidirectionalOneToManySubclassesJPA$Example1$B" is already enhanced.
20:23:56,393 (main) INFO  [DataNucleus.Enhancer] - Class "com.degloba.persistence.test.domain.jpa.BidirectionalOneToManySubclassesJPA$Example1$X" is already enhanced.
20:23:56,393 (main) INFO  [DataNucleus.Enhancer] - Class "com.degloba.persistence.test.domain.jpa.BidirectionalOneToManySubclassesJPA$Example1$Y" is already enhanced.
20:23:56,393 (main) INFO  [DataNucleus.Enhancer] - Class "com.degloba.persistence.test.domain.jpa.BidirectionalOneToManySubclassesJPA$Example2$A" is already enhanced.
20:23:56,393 (main) INFO  [DataNucleus.Enhancer] - Class "com.degloba.persistence.test.domain.jpa.BidirectionalOneToManySubclassesJPA$Example2$B" is already enhanced.
20:23:56,393 (main) INFO  [DataNucleus.Enhancer] - Class "com.degloba.persistence.test.domain.jpa.BidirectionalOneToManySubclassesJPA$Example2$X" is already enhanced.
20:23:56,393 (main) INFO  [DataNucleus.Enhancer] - Class "com.degloba.persistence.test.domain.jpa.BidirectionalOneToManySubclassesJPA$Example2$Y" is already enhanced.
20:23:56,393 (main) INFO  [DataNucleus.Enhancer] - Class "com.degloba.persistence.test.domain.jpa.BidirectionalOneToManySubclassesJPA$Example3$A" is already enhanced.
20:23:56,393 (main) INFO  [DataNucleus.Enhancer] - Class "com.degloba.persistence.test.domain.jpa.BidirectionalOneToManySubclassesJPA$Example3$B" is already enhanced.
20:23:56,393 (main) INFO  [DataNucleus.Enhancer] - Class "com.degloba.persistence.test.domain.jpa.BidirectionalOneToManySubclassesJPA$Example3$X" is already enhanced.
20:23:56,393 (main) INFO  [DataNucleus.Enhancer] - Class "com.degloba.persistence.test.domain.jpa.BidirectionalOneToManySubclassesJPA$Example3$Y" is already enhanced.
20:23:56,393 (main) INFO  [DataNucleus.Enhancer] - Class "com.degloba.persistence.test.domain.jpa.BidirectionalOneToManySubclassesJPA$Example4$A" is already enhanced.
20:23:56,393 (main) INFO  [DataNucleus.Enhancer] - Class "com.degloba.persistence.test.domain.jpa.BidirectionalOneToManySubclassesJPA$Example4$B" is already enhanced.
20:23:56,393 (main) INFO  [DataNucleus.Enhancer] - Class "com.degloba.persistence.test.domain.jpa.BidirectionalOneToManySubclassesJPA$Example4$X" is already enhanced.
20:23:56,393 (main) INFO  [DataNucleus.Enhancer] - Class "com.degloba.persistence.test.domain.jpa.BidirectionalOneToManySubclassesJPA$Example4$Y" is already enhanced.
20:23:56,409 (main) INFO  [DataNucleus.Enhancer] - Class "com.degloba.persistence.test.domain.jpa.BidirectionalOneToOneSubclassesJPA$Example1$A" is already enhanced.
20:23:56,409 (main) INFO  [DataNucleus.Enhancer] - Class "com.degloba.persistence.test.domain.jpa.BidirectionalOneToOneSubclassesJPA$Example1$B" is already enhanced.
20:23:56,409 (main) INFO  [DataNucleus.Enhancer] - Class "com.degloba.persistence.test.domain.jpa.BidirectionalOneToOneSubclassesJPA$Example1$X" is already enhanced.
20:23:56,409 (main) INFO  [DataNucleus.Enhancer] - Class "com.degloba.persistence.test.domain.jpa.BidirectionalOneToOneSubclassesJPA$Example1$Y" is already enhanced.
20:23:56,409 (main) INFO  [DataNucleus.Enhancer] - Class "com.degloba.persistence.test.domain.jpa.BidirectionalOneToOneSubclassesJPA$Example2$A" is already enhanced.
20:23:56,409 (main) INFO  [DataNucleus.Enhancer] - Class "com.degloba.persistence.test.domain.jpa.BidirectionalOneToOneSubclassesJPA$Example2$B" is already enhanced.
20:23:56,409 (main) INFO  [DataNucleus.Enhancer] - Class "com.degloba.persistence.test.domain.jpa.BidirectionalOneToOneSubclassesJPA$Example2$X" is already enhanced.
20:23:56,409 (main) INFO  [DataNucleus.Enhancer] - Class "com.degloba.persistence.test.domain.jpa.BidirectionalOneToOneSubclassesJPA$Example2$Y" is already enhanced.
20:23:56,409 (main) INFO  [DataNucleus.Enhancer] - Class "com.degloba.persistence.test.domain.jpa.BidirectionalOneToOneSubclassesJPA$Example3$A" is already enhanced.
20:23:56,409 (main) INFO  [DataNucleus.Enhancer] - Class "com.degloba.persistence.test.domain.jpa.BidirectionalOneToOneSubclassesJPA$Example3$B" is already enhanced.
20:23:56,409 (main) INFO  [DataNucleus.Enhancer] - Class "com.degloba.persistence.test.domain.jpa.BidirectionalOneToOneSubclassesJPA$Example3$X" is already enhanced.
20:23:56,409 (main) INFO  [DataNucleus.Enhancer] - Class "com.degloba.persistence.test.domain.jpa.BidirectionalOneToOneSubclassesJPA$Example3$Y" is already enhanced.
20:23:56,409 (main) INFO  [DataNucleus.Enhancer] - Class "com.degloba.persistence.test.domain.jpa.BidirectionalSingleTableChildListJPA$BidirBottomList" is already enhanced.
20:23:56,409 (main) INFO  [DataNucleus.Enhancer] - Class "com.degloba.persistence.test.domain.jpa.BidirectionalSingleTableChildListJPA$BidirBottomLongPkList" is already enhanced.
20:23:56,409 (main) INFO  [DataNucleus.Enhancer] - Class "com.degloba.persistence.test.domain.jpa.BidirectionalSingleTableChildListJPA$BidirBottomStringPkList" is already enhanced.
20:23:56,409 (main) INFO  [DataNucleus.Enhancer] - Class "com.degloba.persistence.test.domain.jpa.BidirectionalSingleTableChildListJPA$BidirBottomUnencodedStringPkList" is already enhanced.
20:23:56,409 (main) INFO  [DataNucleus.Enhancer] - Class "com.degloba.persistence.test.domain.jpa.BidirectionalSingleTableChildListJPA$BidirectionalGrandchildListJPA" is already enhanced.
20:23:56,409 (main) INFO  [DataNucleus.Enhancer] - Class "com.degloba.persistence.test.domain.jpa.BidirectionalSingleTableChildListJPA$BidirMiddleList" is already enhanced.
20:23:56,409 (main) INFO  [DataNucleus.Enhancer] - Class "com.degloba.persistence.test.domain.jpa.BidirectionalSingleTableChildListJPA$BidirMiddleLongPkList" is already enhanced.
20:23:56,409 (main) INFO  [DataNucleus.Enhancer] - Class "com.degloba.persistence.test.domain.jpa.BidirectionalSingleTableChildListJPA$BidirMiddleStringPkList" is already enhanced.
20:23:56,409 (main) INFO  [DataNucleus.Enhancer] - Class "com.degloba.persistence.test.domain.jpa.BidirectionalSingleTableChildListJPA$BidirMiddleUnencodedStringPkList" is already enhanced.
20:23:56,409 (main) INFO  [DataNucleus.Enhancer] - Class "com.degloba.persistence.test.domain.jpa.BidirectionalSingleTableChildListJPA$BidirTopList" is already enhanced.
20:23:56,409 (main) INFO  [DataNucleus.Enhancer] - Class "com.degloba.persistence.test.domain.jpa.BidirectionalSingleTableChildListJPA$BidirTopLongPkList" is already enhanced.
20:23:56,409 (main) INFO  [DataNucleus.Enhancer] - Class "com.degloba.persistence.test.domain.jpa.BidirectionalSingleTableChildListJPA$BidirTopStringPkList" is already enhanced.
20:23:56,409 (main) INFO  [DataNucleus.Enhancer] - Class "com.degloba.persistence.test.domain.jpa.BidirectionalSingleTableChildListJPA$BidirTopUnencodedStringPkList" is already enhanced.
20:23:56,409 (main) INFO  [DataNucleus.Enhancer] - Class "com.degloba.persistence.test.domain.jpa.BidirectionalSingleTableChildSetJPA$BidirBottomLongPkSet" is already enhanced.
20:23:56,409 (main) INFO  [DataNucleus.Enhancer] - Class "com.degloba.persistence.test.domain.jpa.BidirectionalSingleTableChildSetJPA$BidirBottomSet" is already enhanced.
20:23:56,409 (main) INFO  [DataNucleus.Enhancer] - Class "com.degloba.persistence.test.domain.jpa.BidirectionalSingleTableChildSetJPA$BidirBottomUnencodedStringPkSet" is already enhanced.
20:23:56,409 (main) INFO  [DataNucleus.Enhancer] - Class "com.degloba.persistence.test.domain.jpa.BidirectionalSingleTableChildSetJPA$BidirMiddleLongPkSet" is already enhanced.
20:23:56,409 (main) INFO  [DataNucleus.Enhancer] - Class "com.degloba.persistence.test.domain.jpa.BidirectionalSingleTableChildSetJPA$BidirMiddleSet" is already enhanced.
20:23:56,409 (main) INFO  [DataNucleus.Enhancer] - Class "com.degloba.persistence.test.domain.jpa.BidirectionalSingleTableChildSetJPA$BidirMiddleUnencodedStringPkSet" is already enhanced.
20:23:56,409 (main) INFO  [DataNucleus.Enhancer] - Class "com.degloba.persistence.test.domain.jpa.BidirectionalSingleTableChildSetJPA$BidirTopLongPkSet" is already enhanced.
20:23:56,409 (main) INFO  [DataNucleus.Enhancer] - Class "com.degloba.persistence.test.domain.jpa.BidirectionalSingleTableChildSetJPA$BidirTopSet" is already enhanced.
20:23:56,409 (main) INFO  [DataNucleus.Enhancer] - Class "com.degloba.persistence.test.domain.jpa.BidirectionalSingleTableChildSetJPA$BidirTopUnencodedStringPkSet" is already enhanced.
20:23:56,409 (main) INFO  [DataNucleus.Enhancer] - Class "com.degloba.persistence.test.domain.jpa.Book" is already enhanced.
20:23:56,409 (main) INFO  [DataNucleus.Enhancer] - Class "com.degloba.persistence.test.domain.jpa.DetachableJPA" is already enhanced.
20:23:56,409 (main) INFO  [DataNucleus.Enhancer] - Class "com.degloba.persistence.test.domain.jpa.EmbeddableJPA" is already enhanced.
20:23:56,409 (main) INFO  [DataNucleus.Enhancer] - Class "com.degloba.persistence.test.domain.jpa.HasBytesJPA" is already enhanced.
20:23:56,409 (main) INFO  [DataNucleus.Enhancer] - Class "com.degloba.persistence.test.domain.jpa.HasChildWithSeparateNameFieldJPA" is already enhanced.
20:23:56,409 (main) INFO  [DataNucleus.Enhancer] - Class "com.degloba.persistence.test.domain.jpa.HasDoubleJPA" is already enhanced.
20:23:56,409 (main) INFO  [DataNucleus.Enhancer] - Class "com.degloba.persistence.test.domain.jpa.HasEmbeddableCollection" is already enhanced.
20:23:56,409 (main) INFO  [DataNucleus.Enhancer] - Class "com.degloba.persistence.test.domain.jpa.HasEmbeddedJPA" is already enhanced.
20:23:56,409 (main) INFO  [DataNucleus.Enhancer] - Class "com.degloba.persistence.test.domain.jpa.HasEncodedStringPkJPA" is already enhanced.
20:23:56,409 (main) INFO  [DataNucleus.Enhancer] - Class "com.degloba.persistence.test.domain.jpa.HasEncodedStringPkSeparateIdFieldJPA" is already enhanced.
20:23:56,409 (main) INFO  [DataNucleus.Enhancer] - Class "com.degloba.persistence.test.domain.jpa.HasEncodedStringPkSeparateNameFieldJPA" is already enhanced.
20:23:56,409 (main) INFO  [DataNucleus.Enhancer] - Class "com.degloba.persistence.test.domain.jpa.HasEnumJPA" is already enhanced.
20:23:56,409 (main) INFO  [DataNucleus.Enhancer] - Class "com.degloba.persistence.test.domain.jpa.HasFloatJPA" is already enhanced.
20:23:56,409 (main) INFO  [DataNucleus.Enhancer] - Class "com.degloba.persistence.test.domain.jpa.HasGrandchildJPA" is already enhanced.
20:23:56,409 (main) INFO  [DataNucleus.Enhancer] - Class "com.degloba.persistence.test.domain.jpa.HasIntegerVersionJPA" is already enhanced.
20:23:56,409 (main) INFO  [DataNucleus.Enhancer] - Class "com.degloba.persistence.test.domain.jpa.HasIntVersionJPA" is already enhanced.
20:23:56,409 (main) INFO  [DataNucleus.Enhancer] - Class "com.degloba.persistence.test.domain.jpa.HasKeyAncestorKeyPkJPA" is already enhanced.
20:23:56,409 (main) INFO  [DataNucleus.Enhancer] - Class "com.degloba.persistence.test.domain.jpa.HasKeyAncestorStringPkJPA" is already enhanced.
20:23:56,409 (main) INFO  [DataNucleus.Enhancer] - Class "com.degloba.persistence.test.domain.jpa.HasKeyPkJPA" is already enhanced.
20:23:56,409 (main) INFO  [DataNucleus.Enhancer] - Class "com.degloba.persistence.test.domain.jpa.HasLob" is already enhanced.
20:23:56,424 (main) INFO  [DataNucleus.Enhancer] - Class "com.degloba.persistence.test.domain.jpa.HasLongPkJPA" is already enhanced.
20:23:56,424 (main) INFO  [DataNucleus.Enhancer] - Class "com.degloba.persistence.test.domain.jpa.HasLongPkOneToManyBidirChildrenJPA$ChildA" is already enhanced.
20:23:56,424 (main) INFO  [DataNucleus.Enhancer] - Class "com.degloba.persistence.test.domain.jpa.HasLongPkOneToManyBidirChildrenJPA" is already enhanced.
20:23:56,424 (main) INFO  [DataNucleus.Enhancer] - Class "com.degloba.persistence.test.domain.jpa.HasLongVersionJPA" is already enhanced.
20:23:56,424 (main) INFO  [DataNucleus.Enhancer] - Class "com.degloba.persistence.test.domain.jpa.HasMultiValuePropsJPA" is already enhanced.
20:23:56,424 (main) INFO  [DataNucleus.Enhancer] - Class "com.degloba.persistence.test.domain.jpa.HasNonWritableFieldsJPA" is already enhanced.
20:23:56,424 (main) INFO  [DataNucleus.Enhancer] - Class "com.degloba.persistence.test.domain.jpa.HasNotNullConstraintsJPA" is already enhanced.
20:23:56,424 (main) INFO  [DataNucleus.Enhancer] - Class "com.degloba.persistence.test.domain.jpa.HasOneToManyChildAtMultipleLevelsJPA" is already enhanced.
20:23:56,424 (main) INFO  [DataNucleus.Enhancer] - Class "com.degloba.persistence.test.domain.jpa.HasOneToManyKeyPkListJPA" is already enhanced.
20:23:56,424 (main) INFO  [DataNucleus.Enhancer] - Class "com.degloba.persistence.test.domain.jpa.HasOneToManyKeyPkSetJPA" is already enhanced.
20:23:56,424 (main) INFO  [DataNucleus.Enhancer] - Class "com.degloba.persistence.test.domain.jpa.HasOneToManyListJPA" is already enhanced.
20:23:56,424 (main) INFO  [DataNucleus.Enhancer] - Class "com.degloba.persistence.test.domain.jpa.HasOneToManyLongPkListJPA" is already enhanced.
20:23:56,424 (main) INFO  [DataNucleus.Enhancer] - Class "com.degloba.persistence.test.domain.jpa.HasOneToManyLongPkSetJPA" is already enhanced.
20:23:56,424 (main) INFO  [DataNucleus.Enhancer] - Class "com.degloba.persistence.test.domain.jpa.HasOneToManyMapJPA" is already enhanced.
20:23:56,424 (main) INFO  [DataNucleus.Enhancer] - Class "com.degloba.persistence.test.domain.jpa.HasOneToManySetJPA" is already enhanced.
20:23:56,424 (main) INFO  [DataNucleus.Enhancer] - Class "com.degloba.persistence.test.domain.jpa.HasOneToManyStringPkListJPA" is already enhanced.
20:23:56,424 (main) INFO  [DataNucleus.Enhancer] - Class "com.degloba.persistence.test.domain.jpa.HasOneToManyUnencodedStringPkListJPA" is already enhanced.
20:23:56,424 (main) INFO  [DataNucleus.Enhancer] - Class "com.degloba.persistence.test.domain.jpa.HasOneToManyUnencodedStringPkSetJPA" is already enhanced.
20:23:56,424 (main) INFO  [DataNucleus.Enhancer] - Class "com.degloba.persistence.test.domain.jpa.HasOneToManyWithOrderByJPA" is already enhanced.
20:23:56,424 (main) INFO  [DataNucleus.Enhancer] - Class "com.degloba.persistence.test.domain.jpa.HasOneToOneChildAtMultipleLevelsJPA" is already enhanced.
20:23:56,424 (main) INFO  [DataNucleus.Enhancer] - Class "com.degloba.persistence.test.domain.jpa.HasOneToOneJPA" is already enhanced.
20:23:56,424 (main) INFO  [DataNucleus.Enhancer] - Class "com.degloba.persistence.test.domain.jpa.HasOneToOneLongPkJPA" is already enhanced.
20:23:56,424 (main) INFO  [DataNucleus.Enhancer] - Class "com.degloba.persistence.test.domain.jpa.HasOneToOneLongPkParentJPA" is already enhanced.
20:23:56,424 (main) INFO  [DataNucleus.Enhancer] - Class "com.degloba.persistence.test.domain.jpa.HasOneToOneLongPkParentKeyPkJPA" is already enhanced.
20:23:56,424 (main) INFO  [DataNucleus.Enhancer] - Class "com.degloba.persistence.test.domain.jpa.HasOneToOneParentJPA" is already enhanced.
20:23:56,424 (main) INFO  [DataNucleus.Enhancer] - Class "com.degloba.persistence.test.domain.jpa.HasOneToOneParentKeyPkJPA" is already enhanced.
20:23:56,424 (main) INFO  [DataNucleus.Enhancer] - Class "com.degloba.persistence.test.domain.jpa.HasOneToOneStringPkJPA" is already enhanced.
20:23:56,424 (main) INFO  [DataNucleus.Enhancer] - Class "com.degloba.persistence.test.domain.jpa.HasOneToOneStringPkParentJPA" is already enhanced.
20:23:56,424 (main) INFO  [DataNucleus.Enhancer] - Class "com.degloba.persistence.test.domain.jpa.HasOneToOneStringPkParentKeyPkJPA" is already enhanced.
20:23:56,424 (main) INFO  [DataNucleus.Enhancer] - Class "com.degloba.persistence.test.domain.jpa.HasOneToOnesWithDifferentCascadesJPA" is already enhanced.
20:23:56,424 (main) INFO  [DataNucleus.Enhancer] - Class "com.degloba.persistence.test.domain.jpa.HasPolymorphicRelationsListJPA$HasOneToManyChildAtMultipleLevelsJPA" is already enhanced.
20:23:56,424 (main) INFO  [DataNucleus.Enhancer] - Class "com.degloba.persistence.test.domain.jpa.HasPolymorphicRelationsListJPA$HasOneToManyKeyPkListJPA" is already enhanced.
20:23:56,424 (main) INFO  [DataNucleus.Enhancer] - Class "com.degloba.persistence.test.domain.jpa.HasPolymorphicRelationsListJPA$HasOneToManyListJPA" is already enhanced.
20:23:56,424 (main) INFO  [DataNucleus.Enhancer] - Class "com.degloba.persistence.test.domain.jpa.HasPolymorphicRelationsListJPA$HasOneToManyLongPkListJPA" is already enhanced.
20:23:56,424 (main) INFO  [DataNucleus.Enhancer] - Class "com.degloba.persistence.test.domain.jpa.HasPolymorphicRelationsListJPA$HasOneToManyStringPkListJPA" is already enhanced.
20:23:56,424 (main) INFO  [DataNucleus.Enhancer] - Class "com.degloba.persistence.test.domain.jpa.HasPolymorphicRelationsListJPA$HasOneToManyUnencodedStringPkListJPA" is already enhanced.
20:23:56,424 (main) INFO  [DataNucleus.Enhancer] - Class "com.degloba.persistence.test.domain.jpa.HasPolymorphicRelationsListJPA$HasOneToManyWithOrderByJPA" is already enhanced.
20:23:56,424 (main) INFO  [DataNucleus.Enhancer] - Class "com.degloba.persistence.test.domain.jpa.HasPolymorphicRelationsListJPA$HasOneToManyWithUnsupportedInheritanceList" is already enhanced.
20:23:56,424 (main) INFO  [DataNucleus.Enhancer] - Class "com.degloba.persistence.test.domain.jpa.HasPolymorphicRelationsSetJPA$HasOneToManyKeyPkSetJPA" is already enhanced.
20:23:56,424 (main) INFO  [DataNucleus.Enhancer] - Class "com.degloba.persistence.test.domain.jpa.HasPolymorphicRelationsSetJPA$HasOneToManyLongPkSetJPA" is already enhanced.
20:23:56,424 (main) INFO  [DataNucleus.Enhancer] - Class "com.degloba.persistence.test.domain.jpa.HasPolymorphicRelationsSetJPA$HasOneToManySetJPA" is already enhanced.
20:23:56,424 (main) INFO  [DataNucleus.Enhancer] - Class "com.degloba.persistence.test.domain.jpa.HasPolymorphicRelationsSetJPA$HasOneToManyUnencodedStringPkSetJPA" is already enhanced.
20:23:56,424 (main) INFO  [DataNucleus.Enhancer] - Class "com.degloba.persistence.test.domain.jpa.HasPrimitiveLongVersionJPA" is already enhanced.
20:23:56,424 (main) INFO  [DataNucleus.Enhancer] - Class "com.degloba.persistence.test.domain.jpa.HasPrimitiveShortVersionJPA" is already enhanced.
20:23:56,424 (main) INFO  [DataNucleus.Enhancer] - Class "com.degloba.persistence.test.domain.jpa.HasRecursiveParentJPA$HasRecursiveParent" is already enhanced.
20:23:56,424 (main) INFO  [DataNucleus.Enhancer] - Class "com.degloba.persistence.test.domain.jpa.HasShortVersionJPA" is already enhanced.
20:23:56,424 (main) INFO  [DataNucleus.Enhancer] - Class "com.degloba.persistence.test.domain.jpa.HasStringAncestorKeyPkJPA" is already enhanced.
20:23:56,424 (main) INFO  [DataNucleus.Enhancer] - Class "com.degloba.persistence.test.domain.jpa.HasStringAncestorStringPkJPA" is already enhanced.
20:23:56,424 (main) INFO  [DataNucleus.Enhancer] - Class "com.degloba.persistence.test.domain.jpa.HasSubclassJPA" is already enhanced.
20:23:56,440 (main) INFO  [DataNucleus.Enhancer] - Class "com.degloba.persistence.test.domain.jpa.HasTableAndColumnsInMappingJPA" is already enhanced.
20:23:56,440 (main) INFO  [DataNucleus.Enhancer] - Class "com.degloba.persistence.test.domain.jpa.HasTimestampVersionJPA" is already enhanced.
20:23:56,440 (main) INFO  [DataNucleus.Enhancer] - Class "com.degloba.persistence.test.domain.jpa.HasUnencodedStringPkJPA" is already enhanced.
20:23:56,440 (main) INFO  [DataNucleus.Enhancer] - Class "com.degloba.persistence.test.domain.jpa.HasUnencodedStringPkOneToManyBidirChildrenJPA$ChildA" is already enhanced.
20:23:56,440 (main) INFO  [DataNucleus.Enhancer] - Class "com.degloba.persistence.test.domain.jpa.HasUnencodedStringPkOneToManyBidirChildrenJPA" is already enhanced.
20:23:56,440 (main) INFO  [DataNucleus.Enhancer] - Class "com.degloba.persistence.test.domain.jpa.HasUnindexedPropertiesJPA" is already enhanced.
20:23:56,440 (main) INFO  [DataNucleus.Enhancer] - Class "com.degloba.persistence.test.domain.jpa.HasVersionMain" is already enhanced.
20:23:56,440 (main) INFO  [DataNucleus.Enhancer] - Class "com.degloba.persistence.test.domain.jpa.HasVersionSub" is already enhanced.
20:23:56,440 (main) INFO  [DataNucleus.Enhancer] - Class "com.degloba.persistence.test.domain.jpa.IgnorableMappingsJPA$HasInitialSequenceValue" is already enhanced.
20:23:56,440 (main) INFO  [DataNucleus.Enhancer] - Class "com.degloba.persistence.test.domain.jpa.IgnorableMappingsJPA$HasUniqueConstraint" is already enhanced.
20:23:56,440 (main) INFO  [DataNucleus.Enhancer] - Class "com.degloba.persistence.test.domain.jpa.IgnorableMappingsJPA$OneToManyParentWithEagerlyFetchedChild" is already enhanced.
20:23:56,440 (main) INFO  [DataNucleus.Enhancer] - Class "com.degloba.persistence.test.domain.jpa.IgnorableMappingsJPA$OneToManyParentWithEagerlyFetchedChildList" is already enhanced.
20:23:56,440 (main) INFO  [DataNucleus.Enhancer] - Class "com.degloba.persistence.test.domain.jpa.IllegalMappingsJPA$EncodedPkOnNonPrimaryKeyField" is already enhanced.
20:23:56,440 (main) INFO  [DataNucleus.Enhancer] - Class "com.degloba.persistence.test.domain.jpa.IllegalMappingsJPA$EncodedPkOnNonStringPrimaryKeyField" is already enhanced.
20:23:56,440 (main) INFO  [DataNucleus.Enhancer] - Class "com.degloba.persistence.test.domain.jpa.IllegalMappingsJPA$Has2CollectionsOfAssignableBaseTypeSub" is already enhanced.
20:23:56,440 (main) INFO  [DataNucleus.Enhancer] - Class "com.degloba.persistence.test.domain.jpa.IllegalMappingsJPA$Has2CollectionsOfAssignableBaseTypeSuper" is already enhanced.
20:23:56,440 (main) INFO  [DataNucleus.Enhancer] - Class "com.degloba.persistence.test.domain.jpa.IllegalMappingsJPA$Has2CollectionsOfAssignableType" is already enhanced.
20:23:56,440 (main) INFO  [DataNucleus.Enhancer] - Class "com.degloba.persistence.test.domain.jpa.IllegalMappingsJPA$Has2CollectionsOfAssignableTypeSub" is already enhanced.
20:23:56,440 (main) INFO  [DataNucleus.Enhancer] - Class "com.degloba.persistence.test.domain.jpa.IllegalMappingsJPA$Has2CollectionsOfAssignableTypeSuper" is already enhanced.
20:23:56,440 (main) INFO  [DataNucleus.Enhancer] - Class "com.degloba.persistence.test.domain.jpa.IllegalMappingsJPA$Has2CollectionsOfSameType" is already enhanced.
20:23:56,440 (main) INFO  [DataNucleus.Enhancer] - Class "com.degloba.persistence.test.domain.jpa.IllegalMappingsJPA$Has2CollectionsOfSameTypeChild" is already enhanced.
20:23:56,440 (main) INFO  [DataNucleus.Enhancer] - Class "com.degloba.persistence.test.domain.jpa.IllegalMappingsJPA$Has2CollectionsOfSameTypeParent" is already enhanced.
20:23:56,440 (main) INFO  [DataNucleus.Enhancer] - Class "com.degloba.persistence.test.domain.jpa.IllegalMappingsJPA$Has2OneToOnesOfSameType" is already enhanced.
20:23:56,440 (main) INFO  [DataNucleus.Enhancer] - Class "com.degloba.persistence.test.domain.jpa.IllegalMappingsJPA$HasLongPkWithStringAncestor" is already enhanced.
20:23:56,440 (main) INFO  [DataNucleus.Enhancer] - Class "com.degloba.persistence.test.domain.jpa.IllegalMappingsJPA$HasMultiplePkIdFields" is already enhanced.
20:23:56,440 (main) INFO  [DataNucleus.Enhancer] - Class "com.degloba.persistence.test.domain.jpa.IllegalMappingsJPA$HasMultiplePkNameFields" is already enhanced.
20:23:56,440 (main) INFO  [DataNucleus.Enhancer] - Class "com.degloba.persistence.test.domain.jpa.IllegalMappingsJPA$HasOneToOneAndOneToManyOfSameType" is already enhanced.
20:23:56,440 (main) INFO  [DataNucleus.Enhancer] - Class "com.degloba.persistence.test.domain.jpa.IllegalMappingsJPA$HasPkIdSortOnOneToMany" is already enhanced.
20:23:56,440 (main) INFO  [DataNucleus.Enhancer] - Class "com.degloba.persistence.test.domain.jpa.IllegalMappingsJPA$HasPkNameSortOnOneToMany" is already enhanced.
20:23:56,440 (main) INFO  [DataNucleus.Enhancer] - Class "com.degloba.persistence.test.domain.jpa.IllegalMappingsJPA$HasUnencodedStringPkWithStringAncestor" is already enhanced.
20:23:56,440 (main) INFO  [DataNucleus.Enhancer] - Class "com.degloba.persistence.test.domain.jpa.IllegalMappingsJPA$LongParent" is already enhanced.
20:23:56,440 (main) INFO  [DataNucleus.Enhancer] - Class "com.degloba.persistence.test.domain.jpa.IllegalMappingsJPA$ManyToMany1" is already enhanced.
20:23:56,440 (main) INFO  [DataNucleus.Enhancer] - Class "com.degloba.persistence.test.domain.jpa.IllegalMappingsJPA$ManyToMany2" is already enhanced.
20:23:56,440 (main) INFO  [DataNucleus.Enhancer] - Class "com.degloba.persistence.test.domain.jpa.IllegalMappingsJPA$MultipleAncestors" is already enhanced.
20:23:56,440 (main) INFO  [DataNucleus.Enhancer] - Class "com.degloba.persistence.test.domain.jpa.IllegalMappingsJPA$OneToManyParentWithRootOnlyLongBiChild" is already enhanced.
20:23:56,440 (main) INFO  [DataNucleus.Enhancer] - Class "com.degloba.persistence.test.domain.jpa.IllegalMappingsJPA$OneToManyParentWithRootOnlyLongUniChild" is already enhanced.
20:23:56,440 (main) INFO  [DataNucleus.Enhancer] - Class "com.degloba.persistence.test.domain.jpa.IllegalMappingsJPA$OneToManyParentWithRootOnlyStringBiChild" is already enhanced.
20:23:56,440 (main) INFO  [DataNucleus.Enhancer] - Class "com.degloba.persistence.test.domain.jpa.IllegalMappingsJPA$OneToManyParentWithRootOnlyStringUniChild" is already enhanced.
20:23:56,440 (main) INFO  [DataNucleus.Enhancer] - Class "com.degloba.persistence.test.domain.jpa.IllegalMappingsJPA$OneToOneParentWithRootOnlyLongBiChild" is already enhanced.
20:23:56,440 (main) INFO  [DataNucleus.Enhancer] - Class "com.degloba.persistence.test.domain.jpa.IllegalMappingsJPA$OneToOneParentWithRootOnlyLongUniChild" is already enhanced.
20:23:56,440 (main) INFO  [DataNucleus.Enhancer] - Class "com.degloba.persistence.test.domain.jpa.IllegalMappingsJPA$OneToOneParentWithRootOnlyStringBiChild" is already enhanced.
20:23:56,440 (main) INFO  [DataNucleus.Enhancer] - Class "com.degloba.persistence.test.domain.jpa.IllegalMappingsJPA$OneToOneParentWithRootOnlyStringUniChild" is already enhanced.
20:23:56,440 (main) INFO  [DataNucleus.Enhancer] - Class "com.degloba.persistence.test.domain.jpa.IllegalMappingsJPA$PkIdOnNonLongField" is already enhanced.
20:23:56,440 (main) INFO  [DataNucleus.Enhancer] - Class "com.degloba.persistence.test.domain.jpa.IllegalMappingsJPA$PkIdWithUnencodedStringPrimaryKey" is already enhanced.
20:23:56,440 (main) INFO  [DataNucleus.Enhancer] - Class "com.degloba.persistence.test.domain.jpa.IllegalMappingsJPA$PkMarkedAsAncestor" is already enhanced.
20:23:56,440 (main) INFO  [DataNucleus.Enhancer] - Class "com.degloba.persistence.test.domain.jpa.IllegalMappingsJPA$PkMarkedAsPkId" is already enhanced.
20:23:56,440 (main) INFO  [DataNucleus.Enhancer] - Class "com.degloba.persistence.test.domain.jpa.IllegalMappingsJPA$PkMarkedAsPkName" is already enhanced.
20:23:56,440 (main) INFO  [DataNucleus.Enhancer] - Class "com.degloba.persistence.test.domain.jpa.IllegalMappingsJPA$PkNameOnNonStringField" is already enhanced.
20:23:56,440 (main) INFO  [DataNucleus.Enhancer] - Class "com.degloba.persistence.test.domain.jpa.IllegalMappingsJPA$PkNameWithUnencodedStringPrimaryKey" is already enhanced.
20:23:56,440 (main) INFO  [DataNucleus.Enhancer] - Class "com.degloba.persistence.test.domain.jpa.IllegalMappingsJPA$RootOnlyLongBiOneToManyChild" is already enhanced.
20:23:56,440 (main) INFO  [DataNucleus.Enhancer] - Class "com.degloba.persistence.test.domain.jpa.IllegalMappingsJPA$RootOnlyLongBiOneToOneChild" is already enhanced.
20:23:56,440 (main) INFO  [DataNucleus.Enhancer] - Class "com.degloba.persistence.test.domain.jpa.IllegalMappingsJPA$RootOnlyStringBiOneToManyChild" is already enhanced.
20:23:56,440 (main) INFO  [DataNucleus.Enhancer] - Class "com.degloba.persistence.test.domain.jpa.IllegalMappingsJPA$RootOnlyStringBiOneToOneChild" is already enhanced.
20:23:56,440 (main) INFO  [DataNucleus.Enhancer] - Class "com.degloba.persistence.test.domain.jpa.IllegalMappingsJPA$SequenceOnEncodedStringPk" is already enhanced.
20:23:56,456 (main) INFO  [DataNucleus.Enhancer] - Class "com.degloba.persistence.test.domain.jpa.IllegalMappingsJPA$SequenceOnKeyPk" is already enhanced.
20:23:56,456 (main) INFO  [DataNucleus.Enhancer] - Class "com.degloba.persistence.test.domain.jpa.InTheHouseJPA" is already enhanced.
20:23:56,456 (main) INFO  [DataNucleus.Enhancer] - Class "com.degloba.persistence.test.domain.jpa.IsEmbeddedWithEmbeddedSuperclass" is already enhanced.
20:23:56,456 (main) INFO  [DataNucleus.Enhancer] - Class "com.degloba.persistence.test.domain.jpa.IsEmbeddedWithEmbeddedSuperclass2" is already enhanced.
20:23:56,456 (main) INFO  [DataNucleus.Enhancer] - Class "com.degloba.persistence.test.domain.jpa.NullDataJPA" is already enhanced.
20:23:56,456 (main) INFO  [DataNucleus.Enhancer] - Class "com.degloba.persistence.test.domain.jpa.OwnedJoinsJPA$Course" is already enhanced.
20:23:56,456 (main) INFO  [DataNucleus.Enhancer] - Class "com.degloba.persistence.test.domain.jpa.OwnedJoinsJPA$Major" is already enhanced.
20:23:56,456 (main) INFO  [DataNucleus.Enhancer] - Class "com.degloba.persistence.test.domain.jpa.OwnedJoinsJPA$Student" is already enhanced.
20:23:56,456 (main) INFO  [DataNucleus.Enhancer] - Class "com.degloba.persistence.test.domain.jpa.SequenceExamplesJPA$HasSequence" is already enhanced.
20:23:56,456 (main) INFO  [DataNucleus.Enhancer] - Class "com.degloba.persistence.test.domain.jpa.SequenceExamplesJPA$HasSequenceOnNonPkFields" is already enhanced.
20:23:56,456 (main) INFO  [DataNucleus.Enhancer] - Class "com.degloba.persistence.test.domain.jpa.SequenceExamplesJPA$HasSequenceWithNoSequenceName" is already enhanced.
20:23:56,456 (main) INFO  [DataNucleus.Enhancer] - Class "com.degloba.persistence.test.domain.jpa.SequenceExamplesJPA$HasSequenceWithSequenceGenerator" is already enhanced.
20:23:56,456 (main) INFO  [DataNucleus.Enhancer] - Class "com.degloba.persistence.test.domain.jpa.SequenceExamplesJPA$HasSequenceWithUnencodedStringPk" is already enhanced.
20:23:56,456 (main) INFO  [DataNucleus.Enhancer] - Class "com.degloba.persistence.test.domain.jpa.SingleTableInheritanceJPA$Child11" is already enhanced.
20:23:56,456 (main) INFO  [DataNucleus.Enhancer] - Class "com.degloba.persistence.test.domain.jpa.SingleTableInheritanceJPA$Child11Many" is already enhanced.
20:23:56,456 (main) INFO  [DataNucleus.Enhancer] - Class "com.degloba.persistence.test.domain.jpa.SingleTableInheritanceJPA$Child12" is already enhanced.
20:23:56,456 (main) INFO  [DataNucleus.Enhancer] - Class "com.degloba.persistence.test.domain.jpa.SingleTableInheritanceJPA$Child21" is already enhanced.
20:23:56,456 (main) INFO  [DataNucleus.Enhancer] - Class "com.degloba.persistence.test.domain.jpa.SingleTableInheritanceJPA$Child22" is already enhanced.
20:23:56,456 (main) INFO  [DataNucleus.Enhancer] - Class "com.degloba.persistence.test.domain.jpa.SingleTableInheritanceJPA$ChildBoolIntDiscriminator" is already enhanced.
20:23:56,456 (main) INFO  [DataNucleus.Enhancer] - Class "com.degloba.persistence.test.domain.jpa.SingleTableInheritanceJPA$ChildDateIntDiscriminator" is already enhanced.
20:23:56,456 (main) INFO  [DataNucleus.Enhancer] - Class "com.degloba.persistence.test.domain.jpa.SingleTableInheritanceJPA$ChildToParentWithoutDiscriminator" is already enhanced.
20:23:56,456 (main) INFO  [DataNucleus.Enhancer] - Class "com.degloba.persistence.test.domain.jpa.SingleTableInheritanceJPA$Embedded1" is already enhanced.
20:23:56,456 (main) INFO  [DataNucleus.Enhancer] - Class "com.degloba.persistence.test.domain.jpa.SingleTableInheritanceJPA$Embedded2" is already enhanced.
20:23:56,456 (main) INFO  [DataNucleus.Enhancer] - Class "com.degloba.persistence.test.domain.jpa.SingleTableInheritanceJPA$Parent" is already enhanced.
20:23:56,456 (main) INFO  [DataNucleus.Enhancer] - Class "com.degloba.persistence.test.domain.jpa.SingleTableInheritanceJPA$ParentIntDiscriminator" is already enhanced.
20:23:56,456 (main) INFO  [DataNucleus.Enhancer] - Class "com.degloba.persistence.test.domain.jpa.SingleTableInheritanceJPA$ParentWithoutDiscriminator" is already enhanced.
20:23:56,456 (main) INFO  [DataNucleus.Enhancer] - Class "com.degloba.persistence.test.domain.jpa.SubclassesJPA$ChildEmbeddedInTablePerClass" is already enhanced.
20:23:56,456 (main) INFO  [DataNucleus.Enhancer] - Class "com.degloba.persistence.test.domain.jpa.SubclassesJPA$DurableChild" is already enhanced.
20:23:56,456 (main) INFO  [DataNucleus.Enhancer] - Class "com.degloba.persistence.test.domain.jpa.SubclassesJPA$IsEmbeddedBase" is already enhanced.
20:23:56,456 (main) INFO  [DataNucleus.Enhancer] - Class "com.degloba.persistence.test.domain.jpa.SubclassesJPA$IsEmbeddedBase2" is already enhanced.
20:23:56,456 (main) INFO  [DataNucleus.Enhancer] - Class "com.degloba.persistence.test.domain.jpa.SubclassesJPA$Joined" is already enhanced.
20:23:56,456 (main) INFO  [DataNucleus.Enhancer] - Class "com.degloba.persistence.test.domain.jpa.SubclassesJPA$JoinedChild" is already enhanced.
20:23:56,456 (main) INFO  [DataNucleus.Enhancer] - Class "com.degloba.persistence.test.domain.jpa.SubclassesJPA$MappedSuperclassChild" is already enhanced.
20:23:56,456 (main) INFO  [DataNucleus.Enhancer] - Class "com.degloba.persistence.test.domain.jpa.SubclassesJPA$MappedSuperclassParent" is already enhanced.
20:23:56,456 (main) INFO  [DataNucleus.Enhancer] - Class "com.degloba.persistence.test.domain.jpa.SubclassesJPA$SingleTable" is already enhanced.
20:23:56,456 (main) INFO  [DataNucleus.Enhancer] - Class "com.degloba.persistence.test.domain.jpa.SubclassesJPA$SingleTableChild" is already enhanced.
20:23:56,456 (main) INFO  [DataNucleus.Enhancer] - Class "com.degloba.persistence.test.domain.jpa.SubclassesJPA$TablePerClass" is already enhanced.
20:23:56,456 (main) INFO  [DataNucleus.Enhancer] - Class "com.degloba.persistence.test.domain.jpa.SubclassesJPA$TablePerClassChild" is already enhanced.
20:23:56,456 (main) INFO  [DataNucleus.Enhancer] - Class "com.degloba.persistence.test.domain.jpa.SubclassesJPA$TablePerClassGrandchild" is already enhanced.
20:23:56,456 (main) INFO  [DataNucleus.Enhancer] - Class "com.degloba.persistence.test.domain.jpa.SubclassesJPA$TablePerClassParentWithEmbedded" is already enhanced.
20:23:56,456 (main) INFO  [DataNucleus.Enhancer] - Class "com.degloba.persistence.test.domain.jpa.TemporalHolder" is already enhanced.
20:23:56,456 (main) INFO  [DataNucleus.Enhancer] - Class "com.degloba.persistence.test.domain.jpa.UnidirectionalOneToManySubclassesJPA$SubChild" is already enhanced.
20:23:56,456 (main) INFO  [DataNucleus.Enhancer] - Class "com.degloba.persistence.test.domain.jpa.UnidirectionalOneToManySubclassesJPA$SubParentWithSubChild" is already enhanced.
20:23:56,456 (main) INFO  [DataNucleus.Enhancer] - Class "com.degloba.persistence.test.domain.jpa.UnidirectionalOneToManySubclassesJPA$SubParentWithSuperChild" is already enhanced.
20:23:56,456 (main) INFO  [DataNucleus.Enhancer] - Class "com.degloba.persistence.test.domain.jpa.UnidirectionalOneToManySubclassesJPA$SuperChild" is already enhanced.
20:23:56,456 (main) INFO  [DataNucleus.Enhancer] - Class "com.degloba.persistence.test.domain.jpa.UnidirectionalOneToManySubclassesJPA$SuperParentWithSubChild" is already enhanced.
20:23:56,456 (main) INFO  [DataNucleus.Enhancer] - Class "com.degloba.persistence.test.domain.jpa.UnidirectionalOneToManySubclassesJPA$SuperParentWithSuperChild" is already enhanced.
20:23:56,456 (main) INFO  [DataNucleus.Enhancer] - Class "com.degloba.persistence.test.domain.jpa.UnidirectionalOneToOneSubclassesJPA$SubChild" is already enhanced.
20:23:56,456 (main) INFO  [DataNucleus.Enhancer] - Class "com.degloba.persistence.test.domain.jpa.UnidirectionalOneToOneSubclassesJPA$SubParentWithSubChild" is already enhanced.
20:23:56,456 (main) INFO  [DataNucleus.Enhancer] - Class "com.degloba.persistence.test.domain.jpa.UnidirectionalOneToOneSubclassesJPA$SubParentWithSuperChild" is already enhanced.
20:23:56,456 (main) INFO  [DataNucleus.Enhancer] - Class "com.degloba.persistence.test.domain.jpa.UnidirectionalOneToOneSubclassesJPA$SuperChild" is already enhanced.
20:23:56,456 (main) INFO  [DataNucleus.Enhancer] - Class "com.degloba.persistence.test.domain.jpa.UnidirectionalOneToOneSubclassesJPA$SuperParentWithSubChild" is already enhanced.
20:23:56,456 (main) INFO  [DataNucleus.Enhancer] - Class "com.degloba.persistence.test.domain.jpa.UnidirectionalOneToOneSubclassesJPA$SuperParentWithSuperChild" is already enhanced.
20:23:56,456 (main) INFO  [DataNucleus.Enhancer] - Class "com.degloba.persistence.test.domain.jpa.UnidirectionalSingeTableChildJPA$UnidirBottom" is already enhanced.
20:23:56,456 (main) INFO  [DataNucleus.Enhancer] - Class "com.degloba.persistence.test.domain.jpa.UnidirectionalSingeTableChildJPA$UnidirMiddle" is already enhanced.
20:23:56,456 (main) INFO  [DataNucleus.Enhancer] - Class "com.degloba.persistence.test.domain.jpa.UnidirectionalSingeTableChildJPA$UnidirTop" is already enhanced.
20:23:56,456 (main) INFO  [DataNucleus.Enhancer] - Class "com.degloba.persistence.test.domain.jpa.UnownedJoinsJPA$Course" is already enhanced.
20:23:56,456 (main) INFO  [DataNucleus.Enhancer] - Class "com.degloba.persistence.test.domain.jpa.UnownedJoinsJPA$Major" is already enhanced.
20:23:56,456 (main) INFO  [DataNucleus.Enhancer] - Class "com.degloba.persistence.test.domain.jpa.UnownedJoinsJPA$Student" is already enhanced.
20:23:56,456 (main) INFO  [DataNucleus.Enhancer] - Class "com.degloba.persistence.test.domain.jpa.UnownedJPAManyToManySideA" is already enhanced.
20:23:56,456 (main) INFO  [DataNucleus.Enhancer] - Class "com.degloba.persistence.test.domain.jpa.UnownedJPAManyToManySideB" is already enhanced.
20:23:56,456 (main) INFO  [DataNucleus.Enhancer] - Class "com.degloba.persistence.test.domain.jpa.UnownedJPAOneToManyUniListSideA" is already enhanced.
20:23:56,456 (main) INFO  [DataNucleus.Enhancer] - Class "com.degloba.persistence.test.domain.jpa.UnownedJPAOneToManyUniSetSideA" is already enhanced.
20:23:56,456 (main) INFO  [DataNucleus.Enhancer] - Class "com.degloba.persistence.test.domain.jpa.UnownedJPAOneToManyUniSideB" is already enhanced.
20:23:56,456 (main) INFO  [DataNucleus.Enhancer] - Class "com.degloba.persistence.test.domain.jpa.UnownedUpgradeJPA$HasOneToManyWithKey" is already enhanced.
20:23:56,456 (main) INFO  [DataNucleus.Enhancer] - Class "com.degloba.persistence.test.domain.jpa.UnownedUpgradeJPA$HasOneToManyWithUnowned" is already enhanced.
20:23:56,456 (main) INFO  [DataNucleus.Enhancer] - Class "com.degloba.persistence.test.domain.jpa.UnownedUpgradeJPA$HasOneToOneWithKey" is already enhanced.
20:23:56,456 (main) INFO  [DataNucleus.Enhancer] - Class "com.degloba.persistence.test.domain.jpa.UnownedUpgradeJPA$HasOneToOneWithUnowned" is already enhanced.
20:23:56,456 (main) INFO  [DataNucleus.Enhancer] - Class "com.degloba.persistence.test.domain.jpa.UnownedUpgradeJPA$SideB" is already enhanced.
20:23:56,456 (main) INFO  [DataNucleus.Enhancer] - DataNucleus Enhancer completed with success for 260 classes. Timings : input=344 ms, enhance=78 ms, total=422 ms. Consult the log for full details
20:23:56,518 (main) INFO  [DataNucleus.Enhancer] - DataNucleus Enhancer for API "JPA"
20:23:56,549 (main) INFO  [DataNucleus.Enhancer] - DataNucleus Enhancer (version 3.1.1) : Enhancement of classes
20:23:56,581 (main) WARN  [DataNucleus.MetaData] - Metadata file -enhancerName not found in CLASSPATH
20:23:56,581 (main) WARN  [DataNucleus.MetaData] - Metadata file ASM not found in CLASSPATH
20:23:56,893 (main) INFO  [DataNucleus.Enhancer] - Class "com.degloba.persistence.test.domain.Dictionary" is already enhanced.
20:23:56,893 (main) INFO  [DataNucleus.Enhancer] - Class "com.degloba.persistence.test.domain.DictionaryCategory" is already enhanced.
20:23:56,893 (main) INFO  [DataNucleus.Enhancer] - Class "com.degloba.persistence.test.domain.jpa.AbstractBaseClassesJPA$Base1" is already enhanced.
20:23:56,893 (main) INFO  [DataNucleus.Enhancer] - Class "com.degloba.persistence.test.domain.jpa.AbstractBaseClassesJPA$Base2" is already enhanced.
20:23:56,893 (main) INFO  [DataNucleus.Enhancer] - Class "com.degloba.persistence.test.domain.jpa.AbstractBaseClassesJPA$Concrete1" is already enhanced.
20:23:56,893 (main) INFO  [DataNucleus.Enhancer] - Class "com.degloba.persistence.test.domain.jpa.AbstractBaseClassesJPA$Concrete2" is already enhanced.
20:23:56,893 (main) INFO  [DataNucleus.Enhancer] - Class "com.degloba.persistence.test.domain.jpa.AbstractBaseClassesJPA$Concrete3" is already enhanced.
20:23:56,893 (main) INFO  [DataNucleus.Enhancer] - Class "com.degloba.persistence.test.domain.jpa.AbstractBaseClassesJPA$Concrete4" is already enhanced.
20:23:56,893 (main) INFO  [DataNucleus.Enhancer] - Class "com.degloba.persistence.test.domain.jpa.BaseVersion" is already enhanced.
20:23:56,893 (main) INFO  [DataNucleus.Enhancer] - Class "com.degloba.persistence.test.domain.jpa.BaseVersionSubclass" is already enhanced.
20:23:56,893 (main) INFO  [DataNucleus.Enhancer] - Class "com.degloba.persistence.test.domain.jpa.BidirectionalChildListJPA" is already enhanced.
20:23:56,893 (main) INFO  [DataNucleus.Enhancer] - Class "com.degloba.persistence.test.domain.jpa.BidirectionalChildLongPkListJPA" is already enhanced.
20:23:56,893 (main) INFO  [DataNucleus.Enhancer] - Class "com.degloba.persistence.test.domain.jpa.BidirectionalChildLongPkSetJPA" is already enhanced.
20:23:56,893 (main) INFO  [DataNucleus.Enhancer] - Class "com.degloba.persistence.test.domain.jpa.BidirectionalChildSetJPA" is already enhanced.
20:23:56,909 (main) INFO  [DataNucleus.Enhancer] - Class "com.degloba.persistence.test.domain.jpa.BidirectionalChildStringPkListJPA" is already enhanced.
20:23:56,909 (main) INFO  [DataNucleus.Enhancer] - Class "com.degloba.persistence.test.domain.jpa.BidirectionalChildUnencodedStringPkListJPA" is already enhanced.
20:23:56,909 (main) INFO  [DataNucleus.Enhancer] - Class "com.degloba.persistence.test.domain.jpa.BidirectionalChildUnencodedStringPkSetJPA" is already enhanced.
20:23:56,909 (main) INFO  [DataNucleus.Enhancer] - Class "com.degloba.persistence.test.domain.jpa.BidirectionalGrandchildListJPA" is already enhanced.
20:23:56,909 (main) INFO  [DataNucleus.Enhancer] - Class "com.degloba.persistence.test.domain.jpa.BidirectionalOneToManySubclassesJPA$Example1$A" is already enhanced.
20:23:56,909 (main) INFO  [DataNucleus.Enhancer] - Class "com.degloba.persistence.test.domain.jpa.BidirectionalOneToManySubclassesJPA$Example1$B" is already enhanced.
20:23:56,909 (main) INFO  [DataNucleus.Enhancer] - Class "com.degloba.persistence.test.domain.jpa.BidirectionalOneToManySubclassesJPA$Example1$X" is already enhanced.
20:23:56,909 (main) INFO  [DataNucleus.Enhancer] - Class "com.degloba.persistence.test.domain.jpa.BidirectionalOneToManySubclassesJPA$Example1$Y" is already enhanced.
20:23:56,909 (main) INFO  [DataNucleus.Enhancer] - Class "com.degloba.persistence.test.domain.jpa.BidirectionalOneToManySubclassesJPA$Example2$A" is already enhanced.
20:23:56,909 (main) INFO  [DataNucleus.Enhancer] - Class "com.degloba.persistence.test.domain.jpa.BidirectionalOneToManySubclassesJPA$Example2$B" is already enhanced.
20:23:56,909 (main) INFO  [DataNucleus.Enhancer] - Class "com.degloba.persistence.test.domain.jpa.BidirectionalOneToManySubclassesJPA$Example2$X" is already enhanced.
20:23:56,909 (main) INFO  [DataNucleus.Enhancer] - Class "com.degloba.persistence.test.domain.jpa.BidirectionalOneToManySubclassesJPA$Example2$Y" is already enhanced.
20:23:56,909 (main) INFO  [DataNucleus.Enhancer] - Class "com.degloba.persistence.test.domain.jpa.BidirectionalOneToManySubclassesJPA$Example3$A" is already enhanced.
20:23:56,909 (main) INFO  [DataNucleus.Enhancer] - Class "com.degloba.persistence.test.domain.jpa.BidirectionalOneToManySubclassesJPA$Example3$B" is already enhanced.
20:23:56,909 (main) INFO  [DataNucleus.Enhancer] - Class "com.degloba.persistence.test.domain.jpa.BidirectionalOneToManySubclassesJPA$Example3$X" is already enhanced.
20:23:56,909 (main) INFO  [DataNucleus.Enhancer] - Class "com.degloba.persistence.test.domain.jpa.BidirectionalOneToManySubclassesJPA$Example3$Y" is already enhanced.
20:23:56,909 (main) INFO  [DataNucleus.Enhancer] - Class "com.degloba.persistence.test.domain.jpa.BidirectionalOneToManySubclassesJPA$Example4$A" is already enhanced.
20:23:56,909 (main) INFO  [DataNucleus.Enhancer] - Class "com.degloba.persistence.test.domain.jpa.BidirectionalOneToManySubclassesJPA$Example4$B" is already enhanced.
20:23:56,909 (main) INFO  [DataNucleus.Enhancer] - Class "com.degloba.persistence.test.domain.jpa.BidirectionalOneToManySubclassesJPA$Example4$X" is already enhanced.
20:23:56,909 (main) INFO  [DataNucleus.Enhancer] - Class "com.degloba.persistence.test.domain.jpa.BidirectionalOneToManySubclassesJPA$Example4$Y" is already enhanced.
20:23:56,909 (main) INFO  [DataNucleus.Enhancer] - Class "com.degloba.persistence.test.domain.jpa.BidirectionalOneToOneSubclassesJPA$Example1$A" is already enhanced.
20:23:56,909 (main) INFO  [DataNucleus.Enhancer] - Class "com.degloba.persistence.test.domain.jpa.BidirectionalOneToOneSubclassesJPA$Example1$B" is already enhanced.
20:23:56,909 (main) INFO  [DataNucleus.Enhancer] - Class "com.degloba.persistence.test.domain.jpa.BidirectionalOneToOneSubclassesJPA$Example1$X" is already enhanced.
20:23:56,909 (main) INFO  [DataNucleus.Enhancer] - Class "com.degloba.persistence.test.domain.jpa.BidirectionalOneToOneSubclassesJPA$Example1$Y" is already enhanced.
20:23:56,909 (main) INFO  [DataNucleus.Enhancer] - Class "com.degloba.persistence.test.domain.jpa.BidirectionalOneToOneSubclassesJPA$Example2$A" is already enhanced.
20:23:56,909 (main) INFO  [DataNucleus.Enhancer] - Class "com.degloba.persistence.test.domain.jpa.BidirectionalOneToOneSubclassesJPA$Example2$B" is already enhanced.
20:23:56,909 (main) INFO  [DataNucleus.Enhancer] - Class "com.degloba.persistence.test.domain.jpa.BidirectionalOneToOneSubclassesJPA$Example2$X" is already enhanced.
20:23:56,909 (main) INFO  [DataNucleus.Enhancer] - Class "com.degloba.persistence.test.domain.jpa.BidirectionalOneToOneSubclassesJPA$Example2$Y" is already enhanced.
20:23:56,909 (main) INFO  [DataNucleus.Enhancer] - Class "com.degloba.persistence.test.domain.jpa.BidirectionalOneToOneSubclassesJPA$Example3$A" is already enhanced.
20:23:56,909 (main) INFO  [DataNucleus.Enhancer] - Class "com.degloba.persistence.test.domain.jpa.BidirectionalOneToOneSubclassesJPA$Example3$B" is already enhanced.
20:23:56,909 (main) INFO  [DataNucleus.Enhancer] - Class "com.degloba.persistence.test.domain.jpa.BidirectionalOneToOneSubclassesJPA$Example3$X" is already enhanced.
20:23:56,909 (main) INFO  [DataNucleus.Enhancer] - Class "com.degloba.persistence.test.domain.jpa.BidirectionalOneToOneSubclassesJPA$Example3$Y" is already enhanced.
20:23:56,909 (main) INFO  [DataNucleus.Enhancer] - Class "com.degloba.persistence.test.domain.jpa.BidirectionalSingleTableChildListJPA$BidirBottomList" is already enhanced.
20:23:56,909 (main) INFO  [DataNucleus.Enhancer] - Class "com.degloba.persistence.test.domain.jpa.BidirectionalSingleTableChildListJPA$BidirBottomLongPkList" is already enhanced.
20:23:56,909 (main) INFO  [DataNucleus.Enhancer] - Class "com.degloba.persistence.test.domain.jpa.BidirectionalSingleTableChildListJPA$BidirBottomStringPkList" is already enhanced.
20:23:56,909 (main) INFO  [DataNucleus.Enhancer] - Class "com.degloba.persistence.test.domain.jpa.BidirectionalSingleTableChildListJPA$BidirBottomUnencodedStringPkList" is already enhanced.
20:23:56,909 (main) INFO  [DataNucleus.Enhancer] - Class "com.degloba.persistence.test.domain.jpa.BidirectionalSingleTableChildListJPA$BidirectionalGrandchildListJPA" is already enhanced.
20:23:56,909 (main) INFO  [DataNucleus.Enhancer] - Class "com.degloba.persistence.test.domain.jpa.BidirectionalSingleTableChildListJPA$BidirMiddleList" is already enhanced.
20:23:56,909 (main) INFO  [DataNucleus.Enhancer] - Class "com.degloba.persistence.test.domain.jpa.BidirectionalSingleTableChildListJPA$BidirMiddleLongPkList" is already enhanced.
20:23:56,909 (main) INFO  [DataNucleus.Enhancer] - Class "com.degloba.persistence.test.domain.jpa.BidirectionalSingleTableChildListJPA$BidirMiddleStringPkList" is already enhanced.
20:23:56,909 (main) INFO  [DataNucleus.Enhancer] - Class "com.degloba.persistence.test.domain.jpa.BidirectionalSingleTableChildListJPA$BidirMiddleUnencodedStringPkList" is already enhanced.
20:23:56,909 (main) INFO  [DataNucleus.Enhancer] - Class "com.degloba.persistence.test.domain.jpa.BidirectionalSingleTableChildListJPA$BidirTopList" is already enhanced.
20:23:56,909 (main) INFO  [DataNucleus.Enhancer] - Class "com.degloba.persistence.test.domain.jpa.BidirectionalSingleTableChildListJPA$BidirTopLongPkList" is already enhanced.
20:23:56,909 (main) INFO  [DataNucleus.Enhancer] - Class "com.degloba.persistence.test.domain.jpa.BidirectionalSingleTableChildListJPA$BidirTopStringPkList" is already enhanced.
20:23:56,909 (main) INFO  [DataNucleus.Enhancer] - Class "com.degloba.persistence.test.domain.jpa.BidirectionalSingleTableChildListJPA$BidirTopUnencodedStringPkList" is already enhanced.
20:23:56,909 (main) INFO  [DataNucleus.Enhancer] - Class "com.degloba.persistence.test.domain.jpa.BidirectionalSingleTableChildSetJPA$BidirBottomLongPkSet" is already enhanced.
20:23:56,909 (main) INFO  [DataNucleus.Enhancer] - Class "com.degloba.persistence.test.domain.jpa.BidirectionalSingleTableChildSetJPA$BidirBottomSet" is already enhanced.
20:23:56,909 (main) INFO  [DataNucleus.Enhancer] - Class "com.degloba.persistence.test.domain.jpa.BidirectionalSingleTableChildSetJPA$BidirBottomUnencodedStringPkSet" is already enhanced.
20:23:56,909 (main) INFO  [DataNucleus.Enhancer] - Class "com.degloba.persistence.test.domain.jpa.BidirectionalSingleTableChildSetJPA$BidirMiddleLongPkSet" is already enhanced.
20:23:56,909 (main) INFO  [DataNucleus.Enhancer] - Class "com.degloba.persistence.test.domain.jpa.BidirectionalSingleTableChildSetJPA$BidirMiddleSet" is already enhanced.
20:23:56,909 (main) INFO  [DataNucleus.Enhancer] - Class "com.degloba.persistence.test.domain.jpa.BidirectionalSingleTableChildSetJPA$BidirMiddleUnencodedStringPkSet" is already enhanced.
20:23:56,909 (main) INFO  [DataNucleus.Enhancer] - Class "com.degloba.persistence.test.domain.jpa.BidirectionalSingleTableChildSetJPA$BidirTopLongPkSet" is already enhanced.
20:23:56,909 (main) INFO  [DataNucleus.Enhancer] - Class "com.degloba.persistence.test.domain.jpa.BidirectionalSingleTableChildSetJPA$BidirTopSet" is already enhanced.
20:23:56,909 (main) INFO  [DataNucleus.Enhancer] - Class "com.degloba.persistence.test.domain.jpa.BidirectionalSingleTableChildSetJPA$BidirTopUnencodedStringPkSet" is already enhanced.
20:23:56,909 (main) INFO  [DataNucleus.Enhancer] - Class "com.degloba.persistence.test.domain.jpa.Book" is already enhanced.
20:23:56,909 (main) INFO  [DataNucleus.Enhancer] - Class "com.degloba.persistence.test.domain.jpa.DetachableJPA" is already enhanced.
20:23:56,909 (main) INFO  [DataNucleus.Enhancer] - Class "com.degloba.persistence.test.domain.jpa.EmbeddableJPA" is already enhanced.
20:23:56,924 (main) INFO  [DataNucleus.Enhancer] - Class "com.degloba.persistence.test.domain.jpa.HasBytesJPA" is already enhanced.
20:23:56,924 (main) INFO  [DataNucleus.Enhancer] - Class "com.degloba.persistence.test.domain.jpa.HasChildWithSeparateNameFieldJPA" is already enhanced.
20:23:56,924 (main) INFO  [DataNucleus.Enhancer] - Class "com.degloba.persistence.test.domain.jpa.HasDoubleJPA" is already enhanced.
20:23:56,924 (main) INFO  [DataNucleus.Enhancer] - Class "com.degloba.persistence.test.domain.jpa.HasEmbeddableCollection" is already enhanced.
20:23:56,924 (main) INFO  [DataNucleus.Enhancer] - Class "com.degloba.persistence.test.domain.jpa.HasEmbeddedJPA" is already enhanced.
20:23:56,924 (main) INFO  [DataNucleus.Enhancer] - Class "com.degloba.persistence.test.domain.jpa.HasEncodedStringPkJPA" is already enhanced.
20:23:56,924 (main) INFO  [DataNucleus.Enhancer] - Class "com.degloba.persistence.test.domain.jpa.HasEncodedStringPkSeparateIdFieldJPA" is already enhanced.
20:23:56,924 (main) INFO  [DataNucleus.Enhancer] - Class "com.degloba.persistence.test.domain.jpa.HasEncodedStringPkSeparateNameFieldJPA" is already enhanced.
20:23:56,924 (main) INFO  [DataNucleus.Enhancer] - Class "com.degloba.persistence.test.domain.jpa.HasEnumJPA" is already enhanced.
20:23:56,924 (main) INFO  [DataNucleus.Enhancer] - Class "com.degloba.persistence.test.domain.jpa.HasFloatJPA" is already enhanced.
20:23:56,924 (main) INFO  [DataNucleus.Enhancer] - Class "com.degloba.persistence.test.domain.jpa.HasGrandchildJPA" is already enhanced.
20:23:56,924 (main) INFO  [DataNucleus.Enhancer] - Class "com.degloba.persistence.test.domain.jpa.HasIntegerVersionJPA" is already enhanced.
20:23:56,924 (main) INFO  [DataNucleus.Enhancer] - Class "com.degloba.persistence.test.domain.jpa.HasIntVersionJPA" is already enhanced.
20:23:56,924 (main) INFO  [DataNucleus.Enhancer] - Class "com.degloba.persistence.test.domain.jpa.HasKeyAncestorKeyPkJPA" is already enhanced.
20:23:56,924 (main) INFO  [DataNucleus.Enhancer] - Class "com.degloba.persistence.test.domain.jpa.HasKeyAncestorStringPkJPA" is already enhanced.
20:23:56,924 (main) INFO  [DataNucleus.Enhancer] - Class "com.degloba.persistence.test.domain.jpa.HasKeyPkJPA" is already enhanced.
20:23:56,924 (main) INFO  [DataNucleus.Enhancer] - Class "com.degloba.persistence.test.domain.jpa.HasLob" is already enhanced.
20:23:56,924 (main) INFO  [DataNucleus.Enhancer] - Class "com.degloba.persistence.test.domain.jpa.HasLongPkJPA" is already enhanced.
20:23:56,924 (main) INFO  [DataNucleus.Enhancer] - Class "com.degloba.persistence.test.domain.jpa.HasLongPkOneToManyBidirChildrenJPA$ChildA" is already enhanced.
20:23:56,924 (main) INFO  [DataNucleus.Enhancer] - Class "com.degloba.persistence.test.domain.jpa.HasLongPkOneToManyBidirChildrenJPA" is already enhanced.
20:23:56,924 (main) INFO  [DataNucleus.Enhancer] - Class "com.degloba.persistence.test.domain.jpa.HasLongVersionJPA" is already enhanced.
20:23:56,924 (main) INFO  [DataNucleus.Enhancer] - Class "com.degloba.persistence.test.domain.jpa.HasMultiValuePropsJPA" is already enhanced.
20:23:56,924 (main) INFO  [DataNucleus.Enhancer] - Class "com.degloba.persistence.test.domain.jpa.HasNonWritableFieldsJPA" is already enhanced.
20:23:56,924 (main) INFO  [DataNucleus.Enhancer] - Class "com.degloba.persistence.test.domain.jpa.HasNotNullConstraintsJPA" is already enhanced.
20:23:56,924 (main) INFO  [DataNucleus.Enhancer] - Class "com.degloba.persistence.test.domain.jpa.HasOneToManyChildAtMultipleLevelsJPA" is already enhanced.
20:23:56,924 (main) INFO  [DataNucleus.Enhancer] - Class "com.degloba.persistence.test.domain.jpa.HasOneToManyKeyPkListJPA" is already enhanced.
20:23:56,924 (main) INFO  [DataNucleus.Enhancer] - Class "com.degloba.persistence.test.domain.jpa.HasOneToManyKeyPkSetJPA" is already enhanced.
20:23:56,924 (main) INFO  [DataNucleus.Enhancer] - Class "com.degloba.persistence.test.domain.jpa.HasOneToManyListJPA" is already enhanced.
20:23:56,924 (main) INFO  [DataNucleus.Enhancer] - Class "com.degloba.persistence.test.domain.jpa.HasOneToManyLongPkListJPA" is already enhanced.
20:23:56,924 (main) INFO  [DataNucleus.Enhancer] - Class "com.degloba.persistence.test.domain.jpa.HasOneToManyLongPkSetJPA" is already enhanced.
20:23:56,924 (main) INFO  [DataNucleus.Enhancer] - Class "com.degloba.persistence.test.domain.jpa.HasOneToManyMapJPA" is already enhanced.
20:23:56,924 (main) INFO  [DataNucleus.Enhancer] - Class "com.degloba.persistence.test.domain.jpa.HasOneToManySetJPA" is already enhanced.
20:23:56,924 (main) INFO  [DataNucleus.Enhancer] - Class "com.degloba.persistence.test.domain.jpa.HasOneToManyStringPkListJPA" is already enhanced.
20:23:56,924 (main) INFO  [DataNucleus.Enhancer] - Class "com.degloba.persistence.test.domain.jpa.HasOneToManyUnencodedStringPkListJPA" is already enhanced.
20:23:56,924 (main) INFO  [DataNucleus.Enhancer] - Class "com.degloba.persistence.test.domain.jpa.HasOneToManyUnencodedStringPkSetJPA" is already enhanced.
20:23:56,924 (main) INFO  [DataNucleus.Enhancer] - Class "com.degloba.persistence.test.domain.jpa.HasOneToManyWithOrderByJPA" is already enhanced.
20:23:56,924 (main) INFO  [DataNucleus.Enhancer] - Class "com.degloba.persistence.test.domain.jpa.HasOneToOneChildAtMultipleLevelsJPA" is already enhanced.
20:23:56,924 (main) INFO  [DataNucleus.Enhancer] - Class "com.degloba.persistence.test.domain.jpa.HasOneToOneJPA" is already enhanced.
20:23:56,924 (main) INFO  [DataNucleus.Enhancer] - Class "com.degloba.persistence.test.domain.jpa.HasOneToOneLongPkJPA" is already enhanced.
20:23:56,924 (main) INFO  [DataNucleus.Enhancer] - Class "com.degloba.persistence.test.domain.jpa.HasOneToOneLongPkParentJPA" is already enhanced.
20:23:56,924 (main) INFO  [DataNucleus.Enhancer] - Class "com.degloba.persistence.test.domain.jpa.HasOneToOneLongPkParentKeyPkJPA" is already enhanced.
20:23:56,924 (main) INFO  [DataNucleus.Enhancer] - Class "com.degloba.persistence.test.domain.jpa.HasOneToOneParentJPA" is already enhanced.
20:23:56,924 (main) INFO  [DataNucleus.Enhancer] - Class "com.degloba.persistence.test.domain.jpa.HasOneToOneParentKeyPkJPA" is already enhanced.
20:23:56,924 (main) INFO  [DataNucleus.Enhancer] - Class "com.degloba.persistence.test.domain.jpa.HasOneToOneStringPkJPA" is already enhanced.
20:23:56,924 (main) INFO  [DataNucleus.Enhancer] - Class "com.degloba.persistence.test.domain.jpa.HasOneToOneStringPkParentJPA" is already enhanced.
20:23:56,924 (main) INFO  [DataNucleus.Enhancer] - Class "com.degloba.persistence.test.domain.jpa.HasOneToOneStringPkParentKeyPkJPA" is already enhanced.
20:23:56,924 (main) INFO  [DataNucleus.Enhancer] - Class "com.degloba.persistence.test.domain.jpa.HasOneToOnesWithDifferentCascadesJPA" is already enhanced.
20:23:56,924 (main) INFO  [DataNucleus.Enhancer] - Class "com.degloba.persistence.test.domain.jpa.HasPolymorphicRelationsListJPA$HasOneToManyChildAtMultipleLevelsJPA" is already enhanced.
20:23:56,924 (main) INFO  [DataNucleus.Enhancer] - Class "com.degloba.persistence.test.domain.jpa.HasPolymorphicRelationsListJPA$HasOneToManyKeyPkListJPA" is already enhanced.
20:23:56,924 (main) INFO  [DataNucleus.Enhancer] - Class "com.degloba.persistence.test.domain.jpa.HasPolymorphicRelationsListJPA$HasOneToManyListJPA" is already enhanced.
20:23:56,940 (main) INFO  [DataNucleus.Enhancer] - Class "com.degloba.persistence.test.domain.jpa.HasPolymorphicRelationsListJPA$HasOneToManyLongPkListJPA" is already enhanced.
20:23:56,940 (main) INFO  [DataNucleus.Enhancer] - Class "com.degloba.persistence.test.domain.jpa.HasPolymorphicRelationsListJPA$HasOneToManyStringPkListJPA" is already enhanced.
20:23:56,940 (main) INFO  [DataNucleus.Enhancer] - Class "com.degloba.persistence.test.domain.jpa.HasPolymorphicRelationsListJPA$HasOneToManyUnencodedStringPkListJPA" is already enhanced.
20:23:56,940 (main) INFO  [DataNucleus.Enhancer] - Class "com.degloba.persistence.test.domain.jpa.HasPolymorphicRelationsListJPA$HasOneToManyWithOrderByJPA" is already enhanced.
20:23:56,940 (main) INFO  [DataNucleus.Enhancer] - Class "com.degloba.persistence.test.domain.jpa.HasPolymorphicRelationsListJPA$HasOneToManyWithUnsupportedInheritanceList" is already enhanced.
20:23:56,940 (main) INFO  [DataNucleus.Enhancer] - Class "com.degloba.persistence.test.domain.jpa.HasPolymorphicRelationsSetJPA$HasOneToManyKeyPkSetJPA" is already enhanced.
20:23:56,940 (main) INFO  [DataNucleus.Enhancer] - Class "com.degloba.persistence.test.domain.jpa.HasPolymorphicRelationsSetJPA$HasOneToManyLongPkSetJPA" is already enhanced.
20:23:56,940 (main) INFO  [DataNucleus.Enhancer] - Class "com.degloba.persistence.test.domain.jpa.HasPolymorphicRelationsSetJPA$HasOneToManySetJPA" is already enhanced.
20:23:56,940 (main) INFO  [DataNucleus.Enhancer] - Class "com.degloba.persistence.test.domain.jpa.HasPolymorphicRelationsSetJPA$HasOneToManyUnencodedStringPkSetJPA" is already enhanced.
20:23:56,940 (main) INFO  [DataNucleus.Enhancer] - Class "com.degloba.persistence.test.domain.jpa.HasPrimitiveLongVersionJPA" is already enhanced.
20:23:56,940 (main) INFO  [DataNucleus.Enhancer] - Class "com.degloba.persistence.test.domain.jpa.HasPrimitiveShortVersionJPA" is already enhanced.
20:23:56,940 (main) INFO  [DataNucleus.Enhancer] - Class "com.degloba.persistence.test.domain.jpa.HasRecursiveParentJPA$HasRecursiveParent" is already enhanced.
20:23:56,940 (main) INFO  [DataNucleus.Enhancer] - Class "com.degloba.persistence.test.domain.jpa.HasShortVersionJPA" is already enhanced.
20:23:56,940 (main) INFO  [DataNucleus.Enhancer] - Class "com.degloba.persistence.test.domain.jpa.HasStringAncestorKeyPkJPA" is already enhanced.
20:23:56,940 (main) INFO  [DataNucleus.Enhancer] - Class "com.degloba.persistence.test.domain.jpa.HasStringAncestorStringPkJPA" is already enhanced.
20:23:56,940 (main) INFO  [DataNucleus.Enhancer] - Class "com.degloba.persistence.test.domain.jpa.HasSubclassJPA" is already enhanced.
20:23:56,940 (main) INFO  [DataNucleus.Enhancer] - Class "com.degloba.persistence.test.domain.jpa.HasTableAndColumnsInMappingJPA" is already enhanced.
20:23:56,940 (main) INFO  [DataNucleus.Enhancer] - Class "com.degloba.persistence.test.domain.jpa.HasTimestampVersionJPA" is already enhanced.
20:23:56,940 (main) INFO  [DataNucleus.Enhancer] - Class "com.degloba.persistence.test.domain.jpa.HasUnencodedStringPkJPA" is already enhanced.
20:23:56,940 (main) INFO  [DataNucleus.Enhancer] - Class "com.degloba.persistence.test.domain.jpa.HasUnencodedStringPkOneToManyBidirChildrenJPA$ChildA" is already enhanced.
20:23:56,940 (main) INFO  [DataNucleus.Enhancer] - Class "com.degloba.persistence.test.domain.jpa.HasUnencodedStringPkOneToManyBidirChildrenJPA" is already enhanced.
20:23:56,940 (main) INFO  [DataNucleus.Enhancer] - Class "com.degloba.persistence.test.domain.jpa.HasUnindexedPropertiesJPA" is already enhanced.
20:23:56,940 (main) INFO  [DataNucleus.Enhancer] - Class "com.degloba.persistence.test.domain.jpa.HasVersionMain" is already enhanced.
20:23:56,940 (main) INFO  [DataNucleus.Enhancer] - Class "com.degloba.persistence.test.domain.jpa.HasVersionSub" is already enhanced.
20:23:56,940 (main) INFO  [DataNucleus.Enhancer] - Class "com.degloba.persistence.test.domain.jpa.IgnorableMappingsJPA$HasInitialSequenceValue" is already enhanced.
20:23:56,940 (main) INFO  [DataNucleus.Enhancer] - Class "com.degloba.persistence.test.domain.jpa.IgnorableMappingsJPA$HasUniqueConstraint" is already enhanced.
20:23:56,940 (main) INFO  [DataNucleus.Enhancer] - Class "com.degloba.persistence.test.domain.jpa.IgnorableMappingsJPA$OneToManyParentWithEagerlyFetchedChild" is already enhanced.
20:23:56,940 (main) INFO  [DataNucleus.Enhancer] - Class "com.degloba.persistence.test.domain.jpa.IgnorableMappingsJPA$OneToManyParentWithEagerlyFetchedChildList" is already enhanced.
20:23:56,940 (main) INFO  [DataNucleus.Enhancer] - Class "com.degloba.persistence.test.domain.jpa.IllegalMappingsJPA$EncodedPkOnNonPrimaryKeyField" is already enhanced.
20:23:56,940 (main) INFO  [DataNucleus.Enhancer] - Class "com.degloba.persistence.test.domain.jpa.IllegalMappingsJPA$EncodedPkOnNonStringPrimaryKeyField" is already enhanced.
20:23:56,940 (main) INFO  [DataNucleus.Enhancer] - Class "com.degloba.persistence.test.domain.jpa.IllegalMappingsJPA$Has2CollectionsOfAssignableBaseTypeSub" is already enhanced.
20:23:56,940 (main) INFO  [DataNucleus.Enhancer] - Class "com.degloba.persistence.test.domain.jpa.IllegalMappingsJPA$Has2CollectionsOfAssignableBaseTypeSuper" is already enhanced.
20:23:56,940 (main) INFO  [DataNucleus.Enhancer] - Class "com.degloba.persistence.test.domain.jpa.IllegalMappingsJPA$Has2CollectionsOfAssignableType" is already enhanced.
20:23:56,940 (main) INFO  [DataNucleus.Enhancer] - Class "com.degloba.persistence.test.domain.jpa.IllegalMappingsJPA$Has2CollectionsOfAssignableTypeSub" is already enhanced.
20:23:56,940 (main) INFO  [DataNucleus.Enhancer] - Class "com.degloba.persistence.test.domain.jpa.IllegalMappingsJPA$Has2CollectionsOfAssignableTypeSuper" is already enhanced.
20:23:56,940 (main) INFO  [DataNucleus.Enhancer] - Class "com.degloba.persistence.test.domain.jpa.IllegalMappingsJPA$Has2CollectionsOfSameType" is already enhanced.
20:23:56,940 (main) INFO  [DataNucleus.Enhancer] - Class "com.degloba.persistence.test.domain.jpa.IllegalMappingsJPA$Has2CollectionsOfSameTypeChild" is already enhanced.
20:23:56,940 (main) INFO  [DataNucleus.Enhancer] - Class "com.degloba.persistence.test.domain.jpa.IllegalMappingsJPA$Has2CollectionsOfSameTypeParent" is already enhanced.
20:23:56,940 (main) INFO  [DataNucleus.Enhancer] - Class "com.degloba.persistence.test.domain.jpa.IllegalMappingsJPA$Has2OneToOnesOfSameType" is already enhanced.
20:23:56,940 (main) INFO  [DataNucleus.Enhancer] - Class "com.degloba.persistence.test.domain.jpa.IllegalMappingsJPA$HasLongPkWithStringAncestor" is already enhanced.
20:23:56,940 (main) INFO  [DataNucleus.Enhancer] - Class "com.degloba.persistence.test.domain.jpa.IllegalMappingsJPA$HasMultiplePkIdFields" is already enhanced.
20:23:56,940 (main) INFO  [DataNucleus.Enhancer] - Class "com.degloba.persistence.test.domain.jpa.IllegalMappingsJPA$HasMultiplePkNameFields" is already enhanced.
20:23:56,940 (main) INFO  [DataNucleus.Enhancer] - Class "com.degloba.persistence.test.domain.jpa.IllegalMappingsJPA$HasOneToOneAndOneToManyOfSameType" is already enhanced.
20:23:56,940 (main) INFO  [DataNucleus.Enhancer] - Class "com.degloba.persistence.test.domain.jpa.IllegalMappingsJPA$HasPkIdSortOnOneToMany" is already enhanced.
20:23:56,940 (main) INFO  [DataNucleus.Enhancer] - Class "com.degloba.persistence.test.domain.jpa.IllegalMappingsJPA$HasPkNameSortOnOneToMany" is already enhanced.
20:23:56,940 (main) INFO  [DataNucleus.Enhancer] - Class "com.degloba.persistence.test.domain.jpa.IllegalMappingsJPA$HasUnencodedStringPkWithStringAncestor" is already enhanced.
20:23:56,940 (main) INFO  [DataNucleus.Enhancer] - Class "com.degloba.persistence.test.domain.jpa.IllegalMappingsJPA$LongParent" is already enhanced.
20:23:56,940 (main) INFO  [DataNucleus.Enhancer] - Class "com.degloba.persistence.test.domain.jpa.IllegalMappingsJPA$ManyToMany1" is already enhanced.
20:23:56,940 (main) INFO  [DataNucleus.Enhancer] - Class "com.degloba.persistence.test.domain.jpa.IllegalMappingsJPA$ManyToMany2" is already enhanced.
20:23:56,940 (main) INFO  [DataNucleus.Enhancer] - Class "com.degloba.persistence.test.domain.jpa.IllegalMappingsJPA$MultipleAncestors" is already enhanced.
20:23:56,940 (main) INFO  [DataNucleus.Enhancer] - Class "com.degloba.persistence.test.domain.jpa.IllegalMappingsJPA$OneToManyParentWithRootOnlyLongBiChild" is already enhanced.
20:23:56,940 (main) INFO  [DataNucleus.Enhancer] - Class "com.degloba.persistence.test.domain.jpa.IllegalMappingsJPA$OneToManyParentWithRootOnlyLongUniChild" is already enhanced.
20:23:56,940 (main) INFO  [DataNucleus.Enhancer] - Class "com.degloba.persistence.test.domain.jpa.IllegalMappingsJPA$OneToManyParentWithRootOnlyStringBiChild" is already enhanced.
20:23:56,956 (main) INFO  [DataNucleus.Enhancer] - Class "com.degloba.persistence.test.domain.jpa.IllegalMappingsJPA$OneToManyParentWithRootOnlyStringUniChild" is already enhanced.
20:23:56,956 (main) INFO  [DataNucleus.Enhancer] - Class "com.degloba.persistence.test.domain.jpa.IllegalMappingsJPA$OneToOneParentWithRootOnlyLongBiChild" is already enhanced.
20:23:56,956 (main) INFO  [DataNucleus.Enhancer] - Class "com.degloba.persistence.test.domain.jpa.IllegalMappingsJPA$OneToOneParentWithRootOnlyLongUniChild" is already enhanced.
20:23:56,956 (main) INFO  [DataNucleus.Enhancer] - Class "com.degloba.persistence.test.domain.jpa.IllegalMappingsJPA$OneToOneParentWithRootOnlyStringBiChild" is already enhanced.
20:23:56,956 (main) INFO  [DataNucleus.Enhancer] - Class "com.degloba.persistence.test.domain.jpa.IllegalMappingsJPA$OneToOneParentWithRootOnlyStringUniChild" is already enhanced.
20:23:56,956 (main) INFO  [DataNucleus.Enhancer] - Class "com.degloba.persistence.test.domain.jpa.IllegalMappingsJPA$PkIdOnNonLongField" is already enhanced.
20:23:56,956 (main) INFO  [DataNucleus.Enhancer] - Class "com.degloba.persistence.test.domain.jpa.IllegalMappingsJPA$PkIdWithUnencodedStringPrimaryKey" is already enhanced.
20:23:56,956 (main) INFO  [DataNucleus.Enhancer] - Class "com.degloba.persistence.test.domain.jpa.IllegalMappingsJPA$PkMarkedAsAncestor" is already enhanced.
20:23:56,956 (main) INFO  [DataNucleus.Enhancer] - Class "com.degloba.persistence.test.domain.jpa.IllegalMappingsJPA$PkMarkedAsPkId" is already enhanced.
20:23:56,956 (main) INFO  [DataNucleus.Enhancer] - Class "com.degloba.persistence.test.domain.jpa.IllegalMappingsJPA$PkMarkedAsPkName" is already enhanced.
20:23:56,956 (main) INFO  [DataNucleus.Enhancer] - Class "com.degloba.persistence.test.domain.jpa.IllegalMappingsJPA$PkNameOnNonStringField" is already enhanced.
20:23:56,956 (main) INFO  [DataNucleus.Enhancer] - Class "com.degloba.persistence.test.domain.jpa.IllegalMappingsJPA$PkNameWithUnencodedStringPrimaryKey" is already enhanced.
20:23:56,956 (main) INFO  [DataNucleus.Enhancer] - Class "com.degloba.persistence.test.domain.jpa.IllegalMappingsJPA$RootOnlyLongBiOneToManyChild" is already enhanced.
20:23:56,956 (main) INFO  [DataNucleus.Enhancer] - Class "com.degloba.persistence.test.domain.jpa.IllegalMappingsJPA$RootOnlyLongBiOneToOneChild" is already enhanced.
20:23:56,956 (main) INFO  [DataNucleus.Enhancer] - Class "com.degloba.persistence.test.domain.jpa.IllegalMappingsJPA$RootOnlyStringBiOneToManyChild" is already enhanced.
20:23:56,956 (main) INFO  [DataNucleus.Enhancer] - Class "com.degloba.persistence.test.domain.jpa.IllegalMappingsJPA$RootOnlyStringBiOneToOneChild" is already enhanced.
20:23:56,956 (main) INFO  [DataNucleus.Enhancer] - Class "com.degloba.persistence.test.domain.jpa.IllegalMappingsJPA$SequenceOnEncodedStringPk" is already enhanced.
20:23:56,956 (main) INFO  [DataNucleus.Enhancer] - Class "com.degloba.persistence.test.domain.jpa.IllegalMappingsJPA$SequenceOnKeyPk" is already enhanced.
20:23:56,956 (main) INFO  [DataNucleus.Enhancer] - Class "com.degloba.persistence.test.domain.jpa.InTheHouseJPA" is already enhanced.
20:23:56,956 (main) INFO  [DataNucleus.Enhancer] - Class "com.degloba.persistence.test.domain.jpa.IsEmbeddedWithEmbeddedSuperclass" is already enhanced.
20:23:56,956 (main) INFO  [DataNucleus.Enhancer] - Class "com.degloba.persistence.test.domain.jpa.IsEmbeddedWithEmbeddedSuperclass2" is already enhanced.
20:23:56,956 (main) INFO  [DataNucleus.Enhancer] - Class "com.degloba.persistence.test.domain.jpa.NullDataJPA" is already enhanced.
20:23:56,956 (main) INFO  [DataNucleus.Enhancer] - Class "com.degloba.persistence.test.domain.jpa.OwnedJoinsJPA$Course" is already enhanced.
20:23:56,956 (main) INFO  [DataNucleus.Enhancer] - Class "com.degloba.persistence.test.domain.jpa.OwnedJoinsJPA$Major" is already enhanced.
20:23:56,956 (main) INFO  [DataNucleus.Enhancer] - Class "com.degloba.persistence.test.domain.jpa.OwnedJoinsJPA$Student" is already enhanced.
20:23:56,956 (main) INFO  [DataNucleus.Enhancer] - Class "com.degloba.persistence.test.domain.jpa.SequenceExamplesJPA$HasSequence" is already enhanced.
20:23:56,956 (main) INFO  [DataNucleus.Enhancer] - Class "com.degloba.persistence.test.domain.jpa.SequenceExamplesJPA$HasSequenceOnNonPkFields" is already enhanced.
20:23:56,956 (main) INFO  [DataNucleus.Enhancer] - Class "com.degloba.persistence.test.domain.jpa.SequenceExamplesJPA$HasSequenceWithNoSequenceName" is already enhanced.
20:23:56,956 (main) INFO  [DataNucleus.Enhancer] - Class "com.degloba.persistence.test.domain.jpa.SequenceExamplesJPA$HasSequenceWithSequenceGenerator" is already enhanced.
20:23:56,956 (main) INFO  [DataNucleus.Enhancer] - Class "com.degloba.persistence.test.domain.jpa.SequenceExamplesJPA$HasSequenceWithUnencodedStringPk" is already enhanced.
20:23:56,956 (main) INFO  [DataNucleus.Enhancer] - Class "com.degloba.persistence.test.domain.jpa.SingleTableInheritanceJPA$Child11" is already enhanced.
20:23:56,956 (main) INFO  [DataNucleus.Enhancer] - Class "com.degloba.persistence.test.domain.jpa.SingleTableInheritanceJPA$Child11Many" is already enhanced.
20:23:56,956 (main) INFO  [DataNucleus.Enhancer] - Class "com.degloba.persistence.test.domain.jpa.SingleTableInheritanceJPA$Child12" is already enhanced.
20:23:56,956 (main) INFO  [DataNucleus.Enhancer] - Class "com.degloba.persistence.test.domain.jpa.SingleTableInheritanceJPA$Child21" is already enhanced.
20:23:56,956 (main) INFO  [DataNucleus.Enhancer] - Class "com.degloba.persistence.test.domain.jpa.SingleTableInheritanceJPA$Child22" is already enhanced.
20:23:56,956 (main) INFO  [DataNucleus.Enhancer] - Class "com.degloba.persistence.test.domain.jpa.SingleTableInheritanceJPA$ChildBoolIntDiscriminator" is already enhanced.
20:23:56,956 (main) INFO  [DataNucleus.Enhancer] - Class "com.degloba.persistence.test.domain.jpa.SingleTableInheritanceJPA$ChildDateIntDiscriminator" is already enhanced.
20:23:56,956 (main) INFO  [DataNucleus.Enhancer] - Class "com.degloba.persistence.test.domain.jpa.SingleTableInheritanceJPA$ChildToParentWithoutDiscriminator" is already enhanced.
20:23:56,956 (main) INFO  [DataNucleus.Enhancer] - Class "com.degloba.persistence.test.domain.jpa.SingleTableInheritanceJPA$Embedded1" is already enhanced.
20:23:56,956 (main) INFO  [DataNucleus.Enhancer] - Class "com.degloba.persistence.test.domain.jpa.SingleTableInheritanceJPA$Embedded2" is already enhanced.
20:23:56,956 (main) INFO  [DataNucleus.Enhancer] - Class "com.degloba.persistence.test.domain.jpa.SingleTableInheritanceJPA$Parent" is already enhanced.
20:23:56,956 (main) INFO  [DataNucleus.Enhancer] - Class "com.degloba.persistence.test.domain.jpa.SingleTableInheritanceJPA$ParentIntDiscriminator" is already enhanced.
20:23:56,956 (main) INFO  [DataNucleus.Enhancer] - Class "com.degloba.persistence.test.domain.jpa.SingleTableInheritanceJPA$ParentWithoutDiscriminator" is already enhanced.
20:23:56,956 (main) INFO  [DataNucleus.Enhancer] - Class "com.degloba.persistence.test.domain.jpa.SubclassesJPA$ChildEmbeddedInTablePerClass" is already enhanced.
20:23:56,956 (main) INFO  [DataNucleus.Enhancer] - Class "com.degloba.persistence.test.domain.jpa.SubclassesJPA$DurableChild" is already enhanced.
20:23:56,956 (main) INFO  [DataNucleus.Enhancer] - Class "com.degloba.persistence.test.domain.jpa.SubclassesJPA$IsEmbeddedBase" is already enhanced.
20:23:56,956 (main) INFO  [DataNucleus.Enhancer] - Class "com.degloba.persistence.test.domain.jpa.SubclassesJPA$IsEmbeddedBase2" is already enhanced.
20:23:56,956 (main) INFO  [DataNucleus.Enhancer] - Class "com.degloba.persistence.test.domain.jpa.SubclassesJPA$Joined" is already enhanced.
20:23:56,956 (main) INFO  [DataNucleus.Enhancer] - Class "com.degloba.persistence.test.domain.jpa.SubclassesJPA$JoinedChild" is already enhanced.
20:23:56,956 (main) INFO  [DataNucleus.Enhancer] - Class "com.degloba.persistence.test.domain.jpa.SubclassesJPA$MappedSuperclassChild" is already enhanced.
20:23:56,956 (main) INFO  [DataNucleus.Enhancer] - Class "com.degloba.persistence.test.domain.jpa.SubclassesJPA$MappedSuperclassParent" is already enhanced.
20:23:56,956 (main) INFO  [DataNucleus.Enhancer] - Class "com.degloba.persistence.test.domain.jpa.SubclassesJPA$SingleTable" is already enhanced.
20:23:56,956 (main) INFO  [DataNucleus.Enhancer] - Class "com.degloba.persistence.test.domain.jpa.SubclassesJPA$SingleTableChild" is already enhanced.
20:23:56,956 (main) INFO  [DataNucleus.Enhancer] - Class "com.degloba.persistence.test.domain.jpa.SubclassesJPA$TablePerClass" is already enhanced.
20:23:56,956 (main) INFO  [DataNucleus.Enhancer] - Class "com.degloba.persistence.test.domain.jpa.SubclassesJPA$TablePerClassChild" is already enhanced.
20:23:56,956 (main) INFO  [DataNucleus.Enhancer] - Class "com.degloba.persistence.test.domain.jpa.SubclassesJPA$TablePerClassGrandchild" is already enhanced.
20:23:56,956 (main) INFO  [DataNucleus.Enhancer] - Class "com.degloba.persistence.test.domain.jpa.SubclassesJPA$TablePerClassParentWithEmbedded" is already enhanced.
20:23:56,956 (main) INFO  [DataNucleus.Enhancer] - Class "com.degloba.persistence.test.domain.jpa.TemporalHolder" is already enhanced.
20:23:56,956 (main) INFO  [DataNucleus.Enhancer] - Class "com.degloba.persistence.test.domain.jpa.UnidirectionalOneToManySubclassesJPA$SubChild" is already enhanced.
20:23:56,956 (main) INFO  [DataNucleus.Enhancer] - Class "com.degloba.persistence.test.domain.jpa.UnidirectionalOneToManySubclassesJPA$SubParentWithSubChild" is already enhanced.
20:23:56,956 (main) INFO  [DataNucleus.Enhancer] - Class "com.degloba.persistence.test.domain.jpa.UnidirectionalOneToManySubclassesJPA$SubParentWithSuperChild" is already enhanced.
20:23:56,956 (main) INFO  [DataNucleus.Enhancer] - Class "com.degloba.persistence.test.domain.jpa.UnidirectionalOneToManySubclassesJPA$SuperChild" is already enhanced.
20:23:56,956 (main) INFO  [DataNucleus.Enhancer] - Class "com.degloba.persistence.test.domain.jpa.UnidirectionalOneToManySubclassesJPA$SuperParentWithSubChild" is already enhanced.
20:23:56,956 (main) INFO  [DataNucleus.Enhancer] - Class "com.degloba.persistence.test.domain.jpa.UnidirectionalOneToManySubclassesJPA$SuperParentWithSuperChild" is already enhanced.
20:23:56,956 (main) INFO  [DataNucleus.Enhancer] - Class "com.degloba.persistence.test.domain.jpa.UnidirectionalOneToOneSubclassesJPA$SubChild" is already enhanced.
20:23:56,956 (main) INFO  [DataNucleus.Enhancer] - Class "com.degloba.persistence.test.domain.jpa.UnidirectionalOneToOneSubclassesJPA$SubParentWithSubChild" is already enhanced.
20:23:56,971 (main) INFO  [DataNucleus.Enhancer] - Class "com.degloba.persistence.test.domain.jpa.UnidirectionalOneToOneSubclassesJPA$SubParentWithSuperChild" is already enhanced.
20:23:56,971 (main) INFO  [DataNucleus.Enhancer] - Class "com.degloba.persistence.test.domain.jpa.UnidirectionalOneToOneSubclassesJPA$SuperChild" is already enhanced.
20:23:56,971 (main) INFO  [DataNucleus.Enhancer] - Class "com.degloba.persistence.test.domain.jpa.UnidirectionalOneToOneSubclassesJPA$SuperParentWithSubChild" is already enhanced.
20:23:56,971 (main) INFO  [DataNucleus.Enhancer] - Class "com.degloba.persistence.test.domain.jpa.UnidirectionalOneToOneSubclassesJPA$SuperParentWithSuperChild" is already enhanced.
20:23:56,971 (main) INFO  [DataNucleus.Enhancer] - Class "com.degloba.persistence.test.domain.jpa.UnidirectionalSingeTableChildJPA$UnidirBottom" is already enhanced.
20:23:56,971 (main) INFO  [DataNucleus.Enhancer] - Class "com.degloba.persistence.test.domain.jpa.UnidirectionalSingeTableChildJPA$UnidirMiddle" is already enhanced.
20:23:56,971 (main) INFO  [DataNucleus.Enhancer] - Class "com.degloba.persistence.test.domain.jpa.UnidirectionalSingeTableChildJPA$UnidirTop" is already enhanced.
20:23:56,971 (main) INFO  [DataNucleus.Enhancer] - Class "com.degloba.persistence.test.domain.jpa.UnownedJoinsJPA$Course" is already enhanced.
20:23:56,971 (main) INFO  [DataNucleus.Enhancer] - Class "com.degloba.persistence.test.domain.jpa.UnownedJoinsJPA$Major" is already enhanced.
20:23:56,971 (main) INFO  [DataNucleus.Enhancer] - Class "com.degloba.persistence.test.domain.jpa.UnownedJoinsJPA$Student" is already enhanced.
20:23:56,971 (main) INFO  [DataNucleus.Enhancer] - Class "com.degloba.persistence.test.domain.jpa.UnownedJPAManyToManySideA" is already enhanced.
20:23:56,971 (main) INFO  [DataNucleus.Enhancer] - Class "com.degloba.persistence.test.domain.jpa.UnownedJPAManyToManySideB" is already enhanced.
20:23:56,971 (main) INFO  [DataNucleus.Enhancer] - Class "com.degloba.persistence.test.domain.jpa.UnownedJPAOneToManyUniListSideA" is already enhanced.
20:23:56,971 (main) INFO  [DataNucleus.Enhancer] - Class "com.degloba.persistence.test.domain.jpa.UnownedJPAOneToManyUniSetSideA" is already enhanced.
20:23:56,971 (main) INFO  [DataNucleus.Enhancer] - Class "com.degloba.persistence.test.domain.jpa.UnownedJPAOneToManyUniSideB" is already enhanced.
20:23:56,971 (main) INFO  [DataNucleus.Enhancer] - Class "com.degloba.persistence.test.domain.jpa.UnownedUpgradeJPA$HasOneToManyWithKey" is already enhanced.
20:23:56,971 (main) INFO  [DataNucleus.Enhancer] - Class "com.degloba.persistence.test.domain.jpa.UnownedUpgradeJPA$HasOneToManyWithUnowned" is already enhanced.
20:23:56,971 (main) INFO  [DataNucleus.Enhancer] - Class "com.degloba.persistence.test.domain.jpa.UnownedUpgradeJPA$HasOneToOneWithKey" is already enhanced.
20:23:56,971 (main) INFO  [DataNucleus.Enhancer] - Class "com.degloba.persistence.test.domain.jpa.UnownedUpgradeJPA$HasOneToOneWithUnowned" is already enhanced.
20:23:56,971 (main) INFO  [DataNucleus.Enhancer] - Class "com.degloba.persistence.test.domain.jpa.UnownedUpgradeJPA$SideB" is already enhanced.
20:23:56,971 (main) INFO  [DataNucleus.Enhancer] - DataNucleus Enhancer completed with success for 260 classes. Timings : input=328 ms, enhance=94 ms, total=422 ms. Consult the log for full details
20:23:57,628 (main) INFO  [DataNucleus.Enhancer] - DataNucleus Enhancer for API "JPA"
20:23:57,644 (main) INFO  [DataNucleus.Enhancer] - DataNucleus Enhancer (version 3.1.1) : Enhancement of classes
20:23:57,675 (main) WARN  [DataNucleus.MetaData] - Metadata file -enhancerName not found in CLASSPATH
20:23:57,675 (main) WARN  [DataNucleus.MetaData] - Metadata file ASM not found in CLASSPATH
20:23:57,691 (main) INFO  [DataNucleus.Enhancer] - DataNucleus Enhancer completed with success for 0 classes. Timings : input=47 ms, enhance=0 ms, total=47 ms. Consult the log for full details
20:23:57,691 (main) INFO  [DataNucleus.Enhancer] - DataNucleus Enhancer completed and no classes were enhanced. Consult the log for full details
20:23:57,769 (main) INFO  [DataNucleus.Enhancer] - DataNucleus Enhancer for API "JPA"
20:23:57,784 (main) INFO  [DataNucleus.Enhancer] - DataNucleus Enhancer (version 3.1.1) : Enhancement of classes
20:23:57,816 (main) WARN  [DataNucleus.MetaData] - Metadata file -enhancerName not found in CLASSPATH
20:23:57,816 (main) WARN  [DataNucleus.MetaData] - Metadata file ASM not found in CLASSPATH
20:23:57,831 (main) INFO  [DataNucleus.Enhancer] - DataNucleus Enhancer completed with success for 0 classes. Timings : input=47 ms, enhance=0 ms, total=47 ms. Consult the log for full details
20:23:57,831 (main) INFO  [DataNucleus.Enhancer] - DataNucleus Enhancer completed and no classes were enhanced. Consult the log for full details
